Capturing execution frames: H3DPART-segment-partgen.json
  [Console-error] Failed to load resource: the server responded with a status of 404 (Not Found)
  [Console-error] Failed to load resource: the server responded with a status of 404 (Not Found)
  [Console-error] Failed to load resource: the server responded with a status of 404 (Not Found)
  [Console-error] Failed to load resource: the server responded with a status of 404 (Not Found)
  [Console-warning] WARNING: Multiple instances of Three.js being imported.
  [Console-warning] [ComfyUI Deprecated] Importing from "scripts/ui.js" is deprecated and will be removed in v1.34.
  [Console-warning] [MaskEditor] ComfyApp.open_maskeditor is deprecated. Plugins should migrate to using the command system or direct node context menu integration.
  [Console-warning] [ComfyUI Deprecated] Importing from "scripts/ui/components/buttonGroup.js" is deprecated and will be removed in v1.34.
  [Console-warning] [ComfyUI Deprecated] Importing from "scripts/ui/components/button.js" is deprecated and will be removed in v1.34.
  [Console-warning] Canvas2D: Multiple readback operations using getImageData are faster with the willReadFrequently attribute set to true. See: https://html.spec.whatwg.org/multipage/canvas.html#concept-canvas-will-read-frequently
  [Console-error] No input!
  [Console-warning] Canvas2D: Multiple readback operations using getImageData are faster with the willReadFrequently attribute set to true. See: https://html.spec.whatwg.org/multipage/canvas.html#concept-canvas-will-read-frequently
  [Console-error] No input!
  [Console-error] Failed to load resource: the server responded with a status of 403 (Forbidden)
  [Console-error] Error loading model: HttpError: fetch for "http://127.0.0.1:8288/api/view?type=output&subfolder=%2Fhome%2Fshadeform%2Fhpart%2FComfyUI%2Foutput&filename=xpart_exploded_42.glb" responded with 403: Forbidden
    at http://127.0.0.1:8288/assets/vendor-three-BDtRe4OM.js:3824:95202
  [Console-error] Failed to load resource: the server responded with a status of 403 (Forbidden)
  [Console-error] Error loading model: HttpError: fetch for "http://127.0.0.1:8288/api/view?type=output&subfolder=%2Fhome%2Fshadeform%2Fhpart%2FComfyUI%2Foutput&filename=xpart_exploded_42.glb" responded with 403: Forbidden
    at http://127.0.0.1:8288/assets/vendor-three-BDtRe4OM.js:3824:95202
  [Console-error] Failed to load resource: the server responded with a status of 403 (Forbidden)
  Frame 1 saved (frame_000.jpg, t=0.0s)
  Validating workflow...
  Queuing workflow for execution...
  Frame 2 saved (frame_001.jpg, t=4.2s)
  [capture-periodic] freeze=20ms shot=431ms unfreeze=48ms saved=True
  [capture-loop] iter=50 t=10.9s state={'complete': False, 'error': None, 'executedCount': 0, 'wsState': 1} eval_ms=20
  [capture-loop] iter=100 t=19.4s state={'complete': False, 'error': None, 'executedCount': 0, 'wsState': 1} eval_ms=21
  [capture-loop] iter=150 t=28.2s state={'complete': False, 'error': None, 'executedCount': 0, 'wsState': 1} eval_ms=31
  [capture-loop] iter=200 t=36.9s state={'complete': False, 'error': None, 'executedCount': 0, 'wsState': 1} eval_ms=20
  [capture-loop] iter=250 t=46.0s state={'complete': False, 'error': None, 'executedCount': 0, 'wsState': 1} eval_ms=26
  [capture-loop] iter=300 t=54.7s state={'complete': False, 'error': None, 'executedCount': 0, 'wsState': 1} eval_ms=29
  [capture-loop] iter=350 t=63.8s state={'complete': False, 'error': None, 'executedCount': 0, 'wsState': 1} eval_ms=24
  [capture-loop] iter=400 t=72.4s state={'complete': False, 'error': None, 'executedCount': 0, 'wsState': 1} eval_ms=24
  [capture-loop] iter=450 t=81.6s state={'complete': False, 'error': None, 'executedCount': 0, 'wsState': 1} eval_ms=21
  [capture-loop] iter=500 t=90.4s state={'complete': False, 'error': None, 'executedCount': 0, 'wsState': 1} eval_ms=23
  [capture-loop] iter=550 t=99.6s state={'complete': False, 'error': None, 'executedCount': 0, 'wsState': 1} eval_ms=20
  Frame 3 saved (frame_002.jpg, t=103.9s)
  [capture-periodic] freeze=17ms shot=413ms unfreeze=23ms saved=True
  [capture-loop] iter=600 t=108.4s state={'complete': False, 'error': None, 'executedCount': 0, 'wsState': 1} eval_ms=19
  Frame 4 saved (frame_003.jpg, t=116.6s)
  [capture-periodic] freeze=20ms shot=398ms unfreeze=18ms saved=True
  [capture-loop] iter=650 t=117.4s state={'complete': False, 'error': None, 'executedCount': 0, 'wsState': 1} eval_ms=18
  Frame 5 saved (frame_004.jpg, t=119.3s)
  [capture-periodic] freeze=23ms shot=423ms unfreeze=20ms saved=True
  [capture-loop] iter=700 t=126.0s state={'complete': False, 'error': None, 'executedCount': 0, 'wsState': 1} eval_ms=20
  [capture-loop] iter=750 t=134.4s state={'complete': False, 'error': None, 'executedCount': 0, 'wsState': 1} eval_ms=20
  [capture-loop] iter=800 t=143.4s state={'complete': False, 'error': None, 'executedCount': 0, 'wsState': 1} eval_ms=19
  [capture-loop] iter=850 t=151.9s state={'complete': False, 'error': None, 'executedCount': 0, 'wsState': 1} eval_ms=20
  [capture-loop] iter=900 t=160.9s state={'complete': False, 'error': None, 'executedCount': 0, 'wsState': 1} eval_ms=20
  [capture-loop] iter=950 t=169.5s state={'complete': False, 'error': None, 'executedCount': 0, 'wsState': 1} eval_ms=28
  [capture-loop] iter=1000 t=178.6s state={'complete': False, 'error': None, 'executedCount': 0, 'wsState': 1} eval_ms=22
  Frame 6 saved (frame_005.jpg, t=185.2s)
  [capture-periodic] freeze=18ms shot=410ms unfreeze=22ms saved=True
  [capture-loop] iter=1050 t=187.3s state={'complete': False, 'error': None, 'executedCount': 0, 'wsState': 1} eval_ms=21
  Frame 7 saved (frame_006.jpg, t=187.7s)
  [capture-periodic] freeze=19ms shot=406ms unfreeze=20ms saved=True
  [Console-error] No input!
  Node executed (1 total), capturing...
  [Console-warning] Canvas2D: Multiple readback operations using getImageData are faster with the willReadFrequently attribute set to true. See: https://html.spec.whatwg.org/multipage/canvas.html#concept-canvas-will-read-frequently
  [Console-error] No input!
  Frame 8 saved (frame_007.jpg, t=196.3s)
  [capture-node] freeze=212ms shot=825ms unfreeze=46ms saved=True
  [capture-loop] iter=1100 t=197.9s state={'complete': False, 'error': None, 'executedCount': 1, 'wsState': 1} eval_ms=21
  [capture-loop] iter=1150 t=206.3s state={'complete': False, 'error': None, 'executedCount': 1, 'wsState': 1} eval_ms=18
  [capture-loop] iter=1200 t=215.2s state={'complete': False, 'error': None, 'executedCount': 1, 'wsState': 1} eval_ms=21
  [capture-loop] iter=1250 t=223.7s state={'complete': False, 'error': None, 'executedCount': 1, 'wsState': 1} eval_ms=24
  [capture-loop] iter=1300 t=232.2s state={'complete': False, 'error': None, 'executedCount': 1, 'wsState': 1} eval_ms=19
  [capture-loop] iter=1350 t=241.0s state={'complete': False, 'error': None, 'executedCount': 1, 'wsState': 1} eval_ms=21
  [capture-loop] iter=1400 t=249.5s state={'complete': False, 'error': None, 'executedCount': 1, 'wsState': 1} eval_ms=21
  [capture-loop] iter=1450 t=258.4s state={'complete': False, 'error': None, 'executedCount': 1, 'wsState': 1} eval_ms=21
  Frame 9 saved (frame_008.jpg, t=262.5s)
  [capture-periodic] freeze=18ms shot=537ms unfreeze=21ms saved=True
  Frame 10 saved (frame_009.jpg, t=265.2s)
  [capture-periodic] freeze=17ms shot=428ms unfreeze=20ms saved=True
  [capture-loop] iter=1500 t=267.6s state={'complete': False, 'error': None, 'executedCount': 1, 'wsState': 1} eval_ms=21
  Frame 11 saved (frame_010.jpg, t=267.9s)
  [capture-periodic] freeze=36ms shot=466ms unfreeze=21ms saved=True
  Frame 12 saved (frame_011.jpg, t=270.6s)
  [capture-periodic] freeze=24ms shot=504ms unfreeze=34ms saved=True
  Frame 13 saved (frame_012.jpg, t=273.2s)
  [capture-periodic] freeze=39ms shot=438ms unfreeze=37ms saved=True
  Frame 14 saved (frame_013.jpg, t=276.0s)
  [capture-periodic] freeze=19ms shot=501ms unfreeze=19ms saved=True
  [capture-loop] iter=1550 t=277.3s state={'complete': False, 'error': None, 'executedCount': 1, 'wsState': 1} eval_ms=24
  Frame 15 saved (frame_014.jpg, t=278.6s)
  [capture-periodic] freeze=27ms shot=432ms unfreeze=24ms saved=True
  Frame 16 saved (frame_015.jpg, t=281.2s)
  [capture-periodic] freeze=20ms shot=395ms unfreeze=18ms saved=True
  Frame 17 saved (frame_016.jpg, t=283.8s)
  [capture-periodic] freeze=21ms shot=437ms unfreeze=20ms saved=True
  [capture-loop] iter=1600 t=286.2s state={'complete': False, 'error': None, 'executedCount': 1, 'wsState': 1} eval_ms=21
  Frame 18 saved (frame_017.jpg, t=286.5s)
  [capture-periodic] freeze=22ms shot=419ms unfreeze=23ms saved=True
  [Console-error] No input!
  Node executed (2 total), capturing...
  [Console-warning] Canvas2D: Multiple readback operations using getImageData are faster with the willReadFrequently attribute set to true. See: https://html.spec.whatwg.org/multipage/canvas.html#concept-canvas-will-read-frequently
  [Console-error] No input!
  Frame 19 saved (frame_018.jpg, t=293.3s)
  [capture-node] freeze=368ms shot=509ms unfreeze=21ms saved=True
  Frame 20 saved (frame_019.jpg, t=296.4s)
  [capture-periodic] freeze=27ms shot=402ms unfreeze=22ms saved=True
  [capture-loop] iter=1650 t=297.0s state={'complete': False, 'error': None, 'executedCount': 2, 'wsState': 1} eval_ms=23
  [capture-loop] iter=1700 t=305.9s state={'complete': False, 'error': None, 'executedCount': 2, 'wsState': 1} eval_ms=20
  Frame 21 saved (frame_020.jpg, t=312.1s)
  [capture-periodic] freeze=17ms shot=421ms unfreeze=20ms saved=True
  [capture-loop] iter=1750 t=314.5s state={'complete': False, 'error': None, 'executedCount': 2, 'wsState': 1} eval_ms=19
  [capture-loop] iter=1800 t=323.7s state={'complete': False, 'error': None, 'executedCount': 2, 'wsState': 1} eval_ms=20
  [capture-loop] iter=1850 t=332.2s state={'complete': False, 'error': None, 'executedCount': 2, 'wsState': 1} eval_ms=22
  [capture-loop] iter=1900 t=341.2s state={'complete': False, 'error': None, 'executedCount': 2, 'wsState': 1} eval_ms=18
  [capture-loop] iter=1950 t=349.7s state={'complete': False, 'error': None, 'executedCount': 2, 'wsState': 1} eval_ms=24
  [capture-loop] iter=2000 t=358.2s state={'complete': False, 'error': None, 'executedCount': 2, 'wsState': 1} eval_ms=18
  [capture-loop] iter=2050 t=367.1s state={'complete': False, 'error': None, 'executedCount': 2, 'wsState': 1} eval_ms=23
  [capture-loop] iter=2100 t=375.7s state={'complete': False, 'error': None, 'executedCount': 2, 'wsState': 1} eval_ms=24
  [capture-loop] iter=2150 t=384.8s state={'complete': False, 'error': None, 'executedCount': 2, 'wsState': 1} eval_ms=39
  [capture-loop] iter=2200 t=393.3s state={'complete': False, 'error': None, 'executedCount': 2, 'wsState': 1} eval_ms=24
  [capture-loop] iter=2250 t=401.7s state={'complete': False, 'error': None, 'executedCount': 2, 'wsState': 1} eval_ms=23
  Frame 22 saved (frame_021.jpg, t=407.2s)
  [capture-periodic] freeze=19ms shot=419ms unfreeze=17ms saved=True
  Frame 23 saved (frame_022.jpg, t=409.8s)
  [capture-periodic] freeze=29ms shot=431ms unfreeze=21ms saved=True
  [capture-loop] iter=2300 t=411.3s state={'complete': False, 'error': None, 'executedCount': 2, 'wsState': 1} eval_ms=21
  Frame 24 saved (frame_023.jpg, t=412.5s)
  [capture-periodic] freeze=27ms shot=428ms unfreeze=25ms saved=True
  Frame 25 saved (frame_024.jpg, t=415.1s)
  [capture-periodic] freeze=24ms shot=440ms unfreeze=26ms saved=True
  Frame 26 saved (frame_025.jpg, t=417.8s)
  [capture-periodic] freeze=20ms shot=486ms unfreeze=20ms saved=True
  [capture-loop] iter=2350 t=420.3s state={'complete': False, 'error': None, 'executedCount': 2, 'wsState': 1} eval_ms=19
  Frame 27 saved (frame_026.jpg, t=420.5s)
  [capture-periodic] freeze=21ms shot=478ms unfreeze=20ms saved=True
  Frame 28 saved (frame_027.jpg, t=423.2s)
  [capture-periodic] freeze=19ms shot=456ms unfreeze=19ms saved=True
  Frame 29 saved (frame_028.jpg, t=425.9s)
  [capture-periodic] freeze=28ms shot=444ms unfreeze=23ms saved=True
  Frame 30 saved (frame_029.jpg, t=428.6s)
  [capture-periodic] freeze=19ms shot=461ms unfreeze=23ms saved=True
  [capture-loop] iter=2400 t=429.8s state={'complete': False, 'error': None, 'executedCount': 2, 'wsState': 1} eval_ms=19
  Frame 31 saved (frame_030.jpg, t=431.3s)
  [capture-periodic] freeze=19ms shot=466ms unfreeze=24ms saved=True
  Frame 32 saved (frame_031.jpg, t=434.1s)
  [capture-periodic] freeze=17ms shot=396ms unfreeze=20ms saved=True
  [capture-loop] iter=2450 t=438.7s state={'complete': False, 'error': None, 'executedCount': 2, 'wsState': 1} eval_ms=22
  Frame 33 saved (frame_032.jpg, t=441.8s)
  [capture-periodic] freeze=30ms shot=513ms unfreeze=12ms saved=True
  Frame 34 saved (frame_033.jpg, t=444.5s)
  [capture-periodic] freeze=22ms shot=418ms unfreeze=19ms saved=True
  Frame 35 saved (frame_034.jpg, t=447.1s)
  [capture-periodic] freeze=27ms shot=461ms unfreeze=21ms saved=True
  [capture-loop] iter=2500 t=448.3s state={'complete': False, 'error': None, 'executedCount': 2, 'wsState': 1} eval_ms=22
  Frame 36 saved (frame_035.jpg, t=449.7s)
  [capture-periodic] freeze=28ms shot=505ms unfreeze=20ms saved=True
  Frame 37 saved (frame_036.jpg, t=452.4s)
  [capture-periodic] freeze=23ms shot=442ms unfreeze=29ms saved=True
  Node executed (3 total), capturing...
  [Console-error] Failed to load resource: the server responded with a status of 404 (Not Found)
  Frame 38 saved (frame_037.jpg, t=453.9s)
  [capture-node] freeze=26ms shot=1052ms unfreeze=16ms saved=True
  Node executed (4 total), capturing...
  [Console-error] Failed to load resource: the server responded with a status of 404 (Not Found)
  Frame 39 saved (frame_038.jpg, t=455.4s)
  [capture-node] freeze=21ms shot=499ms unfreeze=0ms saved=True
  Execution complete (t=455.4s)
  [3d-wait] Phase 1: Waiting for 'Loading 3D Model' text to disappear...
  [3d-wait] Phase 1 exception after 60.1s: Page.wait_for_function: Timeout 60000ms exceeded.
  [3d-wait] Phase 2: iframes=3
  [3d-wait] iframe viewer_ready=False (matched 0 console logs)
  [3d-wait] Waiting for 'Loaded successfully' console message (timeout=60s)...
  [3d-wait] iframe wait exception: Timeout 60000ms exceeded while waiting for event "console"
=========================== logs ===========================
waiting for event "console"
============================================================
  [3d-wait] Total 3D wait: 120.2s
  Captured 39 unique frames over 576.26s
  [debug] iframes: 3
  [debug]   iframe[0]: src=http://127.0.0.1:8288/extensions/ComfyUI-GeometryPack/viewer_vtk.html?v=17719460, canvas=588x553, rafFrozen=True
  [debug]   iframe[1]: src=http://127.0.0.1:8288/extensions/ComfyUI-GeometryPack/viewer_vtk.html?v=17719459, canvas=588x553, rafFrozen=True
  [debug]   iframe[2]: src=http://127.0.0.1:8288/extensions/ComfyUI-Hunyuan3D-Part/exploded_viewer.html?v=1, canvas=1388x1408, rafFrozen=True
  [timing] trigger_3d_previews: 0.0s
  Saved high-quality screenshot: H3DPART-segment-partgen_executed.png
  [timing] final_screenshot: 2.3s
    Captured 40 video frames