Capturing execution frames: H3DPART-segment-partgen.json
  Frame 1 saved (frame_000.jpg, t=0.0s)
  Validating workflow...
  [ComfyUI] === /validate endpoint called ===
  [ComfyUI] Received JSON with keys: ['prompt']
  [ComfyUI] Prompt has 12 nodes
  [ComfyUI]   Node 27: LoadP3SAMSegmentor
  [ComfyUI]     Inputs: {"precision": "auto", "attn_backend": "auto"}
  [ComfyUI]   Node 31: ComputeMeshFeatures
  [ComfyUI]     Inputs: {"all_points": false, "point_num": 100000, "seed": 42, "mesh": ["33", 0], "sonata_config": ["35", 0]}
  [ComfyUI]   Node 33: GeomPackLoadMesh
  Queuing workflow for execution...
  [ComfyUI]     Inputs: {"file_path": "3d/utah_teapot.stl"}
  [ComfyUI]   Node 35: LoadSonataEncoder
  [ComfyUI]     Inputs: {"precision": "auto", "attn_backend": "auto"}
  [ComfyUI]   Node 37: GeomPackPreviewMeshVTK
  [ComfyUI]     Inputs: {"mode": "fields", "preview_vtk": "{\"show_edges\":false,\"camera_state\":\"{\\\"position\\\":[-7.604755600050631,-29.909936116088403,14.071233436954898],\\\"focalPoint\\\":[0.6242384910583496,0.09375
  [ComfyUI]   Node 38: GeomPackPreviewMeshVTK
  [ComfyUI]     Inputs: {"mode": "fields", "preview_vtk": "{\"show_edges\":false,\"camera_state\":\"{\\\"position\\\":[-7.604755600050631,-29.909936116088403,14.071233436954898],\\\"focalPoint\\\":[0.6242384910583496,0.09375
  [ComfyUI]   Node 39: LoadXPartModels
  [ComfyUI]     Inputs: {"precision": "auto", "attn_backend": "auto"}
  [ComfyUI]   Node 42: XPartGenerateParts
  [ComfyUI]     Inputs: {"octree_resolution": 256, "num_inference_steps": 25, "guidance_scale": -1, "seed": 42, "pc_size": 40960, "num_sdf_chunks": 30000, "output_coordinate_system": "Y-up (default)", "mesh_with_features": [
  [ComfyUI]   Node 43: P3SAMSegmentMesh
  [ComfyUI]     Inputs: {"prompt_num": 400, "threshold": 0.95, "post_process": true, "batch_size": 1, "mesh_with_features": ["31", 0], "p3sam_config": ["27", 0]}
  [ComfyUI] [comfy-env] SubprocessWorker: /workspaces/Hunyuan3D-Part-1836/ComfyUI/.ce/.pixi/envs/hunyuan3dpart-nodes/bin/python
  [ComfyUI]   Node 44: ExplodedMeshViewer
  [ComfyUI] [comfy-env] env_vars: {'COMFYUI_BASE': '/workspaces/Hunyuan3D-Part-1836/ComfyUI'}
  [ComfyUI]     Inputs: {"preview": "", "part_meshes": ["42", 0]}
  [ComfyUI] [ComfyUI-Hunyuan3D-Part] python: /workspaces/Hunyuan3D-Part-1836/ComfyUI/.ce/.pixi/envs/hunyuan3dpart-nodes/bin/python
  [ComfyUI]   Node 46: Preview3D
  [ComfyUI] [ComfyUI-Hunyuan3D-Part] sys_path sent to worker: ['/workspaces/Hunyuan3D-Part-1836/ComfyUI', '/workspaces/Hunyuan3D-Part-1836/ComfyUI/custom_nodes/ComfyUI-Hunyuan3D-Part', '/workspaces/Hunyuan3D-Part-1836/ComfyUI/.ce/.pixi/envs/hunyuan3dpart-nodes/lib/python3.1/site-packages', '/workspaces/Hunyuan3D-Part-1836/ComfyUI/custom_nodes/ComfyUI-Hunyuan3D-Part']
  [ComfyUI]     Inputs: {"model_file": ["42", 3], "image": ""}
  [ComfyUI] [SubprocessWorker] is_pixi=True, python=/workspaces/Hunyuan3D-Part-1836/ComfyUI/.ce/.pixi/envs/hunyuan3dpart-nodes/bin/python
  [ComfyUI]   Node 47: ComputeMeshFeatures
  [ComfyUI] [SubprocessWorker] launching cmd=['/root/.pixi/bin/pixi', 'run', '--as-is', '--manifest-path', '/workspaces/Hunyuan3D-Part-1836/ComfyUI/.ce/pixi.toml', '-e', 'hunyuan3dpart-nodes', 'python', '/tmp/comfyui_pvenv_1fy0x40v/persistent_worker.py', 'abstract://comfy_worker_22cea6abebc9']...
  [ComfyUI]     Inputs: {"all_points": 1000, "point_num": 100000, "seed": 42, "mesh": ["43", 0], "sonata_config": ["35", 0]}
  [ComfyUI] [SubprocessWorker] socket_addr=abstract://comfy_worker_22cea6abebc9 (abstract, no filesystem path)
  [ComfyUI] Generated prompt_id: 3b3ccdc1-fe42-409c-a00c-06bed78b5597
  [ComfyUI] Calling execution.validate_prompt()...
  [ComfyUI] Validation result: valid=True
  [ComfyUI] === Validation PASSED ===
  [ComfyUI] got prompt
  [ComfyUI] [comfy-env] Running LoadP3SAMSegmentor: precision: 'auto', attn_backend: 'auto'
  [ComfyUI] [VRAM] Before LoadP3SAMSegmentor: 302 / 24124 MB
  [ComfyUI] [SubprocessWorker] call_method: nodes.loaders.LoadP3SAMSegmentor.EXECUTE_NORMALIZED
  [ComfyUI] [SubprocessWorker] acquired lock, ensuring started...
  Frame 2 saved (frame_001.jpg, t=2.7s)
  [capture-periodic] freeze=4ms shot=245ms unfreeze=4ms saved=True
  [ComfyUI] [worker:ComfyUI-Hunyuan3D-Part] WARNING: WARNING: You need pytorch with cu130 or higher to use optimized CUDA operations.
  [ComfyUI] [SubprocessWorker] worker started/confirmed
  [ComfyUI] [SubprocessWorker] serializing kwargs to shm...
  [ComfyUI] [SubprocessWorker] created 0 shm blocks
  [ComfyUI] [SubprocessWorker] sending request via socket...
  [ComfyUI] [SubprocessWorker] call_id=1 sending call_method
  Frame 3 saved (frame_002.jpg, t=5.1s)
  [capture-periodic] freeze=4ms shot=241ms unfreeze=6ms saved=True
  [ComfyUI] [worker:ComfyUI-Hunyuan3D-Part] [Load P3-SAM] Ensuring model files are downloaded...
  [ComfyUI] 2026-05-07 18:42:32,259 - hy3dgen.partgen - INFO - Downloading models to /workspaces/Hunyuan3D-Part-1836/ComfyUI/models/hunyuan3d-part...
  [ComfyUI] [worker:ComfyUI-Hunyuan3D-Part] INFO: Downloading models to /workspaces/Hunyuan3D-Part-1836/ComfyUI/models/hunyuan3d-part...
  [ComfyUI] 2026-05-07 18:42:32,261 - hy3dgen.partgen - INFO - Downloading model.safetensors...
  [ComfyUI] [worker:ComfyUI-Hunyuan3D-Part] INFO: Downloading model.safetensors...
  [ComfyUI] Warning: You are sending unauthenticated requests to the HF Hub. Please set a HF_TOKEN to enable higher rate limits and faster downloads.
  [ComfyUI] [worker:ComfyUI-Hunyuan3D-Part] WARNING: Warning: You are sending unauthenticated requests to the HF Hub. Please set a HF_TOKEN to enable higher rate limits and faster downloads.
  [capture-loop] iter=50 t=7.0s state={'complete': False, 'error': None, 'executedCount': 0, 'wsState': 1} eval_ms=15 ram=3.9/31.2GB (12%) swap=0.4/32.0GB (1%) cpu=5% browser_rss=1.01GB
  [capture-loop] iter=100 t=13.5s state={'complete': False, 'error': None, 'executedCount': 0, 'wsState': 1} eval_ms=13 ram=4.2/31.2GB (14%) swap=0.4/32.0GB (1%) cpu=11% browser_rss=1.01GB
  [capture-loop] iter=150 t=20.1s state={'complete': False, 'error': None, 'executedCount': 0, 'wsState': 1} eval_ms=14 ram=4.8/31.2GB (15%) swap=0.4/32.0GB (1%) cpu=12% browser_rss=1.02GB
  [capture-loop] iter=200 t=26.7s state={'complete': False, 'error': None, 'executedCount': 0, 'wsState': 1} eval_ms=5 ram=5.1/31.2GB (16%) swap=0.4/32.0GB (1%) cpu=13% browser_rss=0.93GB
  [capture-loop] iter=250 t=33.1s state={'complete': False, 'error': None, 'executedCount': 0, 'wsState': 1} eval_ms=15 ram=5.7/31.2GB (18%) swap=0.4/32.0GB (1%) cpu=14% browser_rss=0.93GB
  [capture-loop] iter=300 t=39.5s state={'complete': False, 'error': None, 'executedCount': 0, 'wsState': 1} eval_ms=15 ram=6.0/31.2GB (19%) swap=0.4/32.0GB (1%) cpu=13% browser_rss=0.93GB
  [capture-loop] iter=350 t=46.1s state={'complete': False, 'error': None, 'executedCount': 0, 'wsState': 1} eval_ms=14 ram=6.5/31.2GB (21%) swap=0.4/32.0GB (1%) cpu=12% browser_rss=0.93GB
  [capture-loop] iter=400 t=52.7s state={'complete': False, 'error': None, 'executedCount': 0, 'wsState': 1} eval_ms=14 ram=6.8/31.2GB (22%) swap=0.4/32.0GB (1%) cpu=13% browser_rss=0.93GB
  [capture-loop] iter=450 t=59.0s state={'complete': False, 'error': None, 'executedCount': 0, 'wsState': 1} eval_ms=4 ram=5.8/31.2GB (19%) swap=0.4/32.0GB (1%) cpu=13% browser_rss=0.92GB
  [ComfyUI] [worker:ComfyUI-Hunyuan3D-Part]
  [ComfyUI] === WATCHDOG TICK 1 ===
  [ComfyUI] [worker:ComfyUI-Hunyuan3D-Part] Thread 0x00007a11fce3a640 (most recent call first):
  [ComfyUI]   File "/workspaces/Hunyuan3D-Part-1836/ComfyUI/.ce/.pixi/envs/hunyuan3dpart-nodes/lib/python3.12/threading.py", line 359 in wait
  [ComfyUI]   File "/workspaces/Hunyuan3D-Part-1836/ComfyUI/.ce/.pixi/envs/hunyuan3dpart-nodes/lib/python3.12/threading.py", line 655 in wait
  [ComfyUI]   File "/workspaces/Hunyuan3D-Part-1836/ComfyUI/.ce/.pixi/envs/hunyuan3dpart-nodes/lib/python3.12/site-packages/tqdm/_monitor.py", line 60 in run
  [ComfyUI]   File "/workspaces/Hunyuan3D-Part-1836/ComfyUI/.ce/.pixi/envs/hunyuan3dpart-nodes/lib/python3.12/threading.py", line 1075 in _bootstrap_inner
  [ComfyUI]   File "/workspaces/Hunyuan3D-Part-1836/ComfyUI/.ce/.pixi/envs/hunyuan3dpart-nodes/lib/python3.12/threading.py", line 1032 in _bootstrap
  [ComfyUI] 
  [ComfyUI] Thread 0x00007a1415550640 (most recent call first):
  [ComfyUI]   File "/tmp/comfyui_pvenv_1fy0x40v/persistent_worker.py", line 106 in _vram_poller
  [ComfyUI]   File "/workspaces/Hunyuan3D-Part-1836/ComfyUI/.ce/.pixi/envs/hunyuan3dpart-nodes/lib/python3.12/threading.py", line 1012 in run
  [ComfyUI]   File "/workspaces/Hunyuan3D-Part-1836/ComfyUI/.ce/.pixi/envs/hunyuan3dpart-nodes/lib/python3.12/threading.py", line 1075 in _bootstrap_inner
  [ComfyUI]   File "/workspaces/Hunyuan3D-Part-1836/ComfyUI/.ce/.pixi/envs/hunyuan3dpart-nodes/lib/python3.12/threading.py", line 1032 in _bootstrap
  [ComfyUI] 
  [ComfyUI] Current thread 0x00007a1415d55640 (most recent call first):
  [ComfyUI]   File "/tmp/comfyui_pvenv_1fy0x40v/persistent_worker.py", line 52 in _watchdog
  [ComfyUI]   File "/workspaces/Hunyuan3D-Part-1836/ComfyUI/.ce/.pixi/envs/hunyuan3dpart-nodes/lib/python3.12/threading.py", line 1012 in run
  [ComfyUI]   File "/workspaces/Hunyuan3D-Part-1836/ComfyUI/.ce/.pixi/envs/hunyuan3dpart-nodes/lib/python3.12/threading.py", line 1075 in _bootstrap_inner
  [ComfyUI]   File "/workspaces/Hunyuan3D-Part-1836/ComfyUI/.ce/.pixi/envs/hunyuan3dpart-nodes/lib/python3.12/threading.py", line 1032 in _bootstrap
  [ComfyUI] 
  [ComfyUI] Thread 0x00007a1416350740 (most recent call first):
  [ComfyUI]   File "/workspaces/Hunyuan3D-Part-1836/ComfyUI/.ce/.pixi/envs/hunyuan3dpart-nodes/lib/python3.1/site-packages/huggingface_hub/file_download.py", line 558 in xet_get
  [ComfyUI]   File "/workspaces/Hunyuan3D-Part-1836/ComfyUI/.ce/.pixi/envs/hunyuan3dpart-nodes/lib/python3.1/site-packages/huggingface_hub/file_download.py", line 1842 in _download_to_tmp_and_move
  [ComfyUI]   File "/workspaces/Hunyuan3D-Part-1836/ComfyUI/.ce/.pixi/envs/hunyuan3dpart-nodes/lib/python3.1/site-packages/huggingface_hub/file_download.py", line 1427 in _hf_hub_download_to_local_dir
  [ComfyUI]   File "/workspaces/Hunyuan3D-Part-1836/ComfyUI/.ce/.pixi/envs/hunyuan3dpart-nodes/lib/python3.1/site-packages/huggingface_hub/file_download.py", line 976 in hf_hub_download
  [ComfyUI]   File "/workspaces/Hunyuan3D-Part-1836/ComfyUI/.ce/.pixi/envs/hunyuan3dpart-nodes/lib/python3.1/site-packages/huggingface_hub/utils/_validators.py", line 88 in _inner_fn
  [ComfyUI]   File "/workspaces/Hunyuan3D-Part-1836/ComfyUI/custom_nodes/ComfyUI-Hunyuan3D-Part/nodes/misc_utils.py", line 202 in smart_load_model
  [ComfyUI]   File "/workspaces/Hunyuan3D-Part-1836/ComfyUI/custom_nodes/ComfyUI-Hunyuan3D-Part/nodes/loaders.py", line 54 in execute
  [capture-loop] iter=500 t=67.6s state={'complete': False, 'error': None, 'executedCount': 0, 'wsState': 1} eval_ms=14 ram=6.3/31.2GB (20%) swap=0.4/32.0GB (1%) cpu=6% browser_rss=0.92GB
  [ComfyUI]   File "/workspaces/Hunyuan3D-Part-1836/ComfyUI/comfy_api/latest/_io.py", line 1827 in EXECUTE_NORMALIZED
  [ComfyUI]   File "/tmp/comfyui_pvenv_1fy0x40v/persistent_worker.py", line 1749 in main
  [ComfyUI]   File "/tmp/comfyui_pvenv_1fy0x40v/persistent_worker.py", line 1794 in <module>
  [ComfyUI] 
  [ComfyUI] [worker:ComfyUI-Hunyuan3D-Part] === END ===
  [ComfyUI] 
  [ComfyUI] 2026-05-07 18:43:36,120 - hy3dgen.partgen - INFO - Downloading shapevae.safetensors...
  [ComfyUI] [worker:ComfyUI-Hunyuan3D-Part] INFO: Downloading shapevae.safetensors...
  [capture-loop] iter=550 t=75.0s state={'complete': False, 'error': None, 'executedCount': 0, 'wsState': 1} eval_ms=15 ram=6.2/31.2GB (20%) swap=0.4/32.0GB (1%) cpu=8% browser_rss=0.92GB
  [capture-loop] iter=600 t=81.4s state={'complete': False, 'error': None, 'executedCount': 0, 'wsState': 1} eval_ms=8 ram=5.9/31.2GB (19%) swap=0.4/32.0GB (1%) cpu=10% browser_rss=0.93GB
  [ComfyUI] 2026-05-07 18:43:48,363 - hy3dgen.partgen - INFO - Downloading conditioner.safetensors...
  [ComfyUI] [worker:ComfyUI-Hunyuan3D-Part] INFO: Downloading conditioner.safetensors...
  [capture-loop] iter=650 t=88.5s state={'complete': False, 'error': None, 'executedCount': 0, 'wsState': 1} eval_ms=14 ram=6.0/31.2GB (19%) swap=0.4/32.0GB (1%) cpu=11% browser_rss=0.93GB
  [capture-loop] iter=700 t=94.7s state={'complete': False, 'error': None, 'executedCount': 0, 'wsState': 1} eval_ms=15 ram=5.7/31.2GB (18%) swap=0.4/32.0GB (1%) cpu=13% browser_rss=0.93GB
  [capture-loop] iter=750 t=101.1s state={'complete': False, 'error': None, 'executedCount': 0, 'wsState': 1} eval_ms=15 ram=5.8/31.2GB (19%) swap=0.4/32.0GB (1%) cpu=8% browser_rss=0.92GB
  [capture-loop] iter=800 t=108.3s state={'complete': False, 'error': None, 'executedCount': 0, 'wsState': 1} eval_ms=9 ram=5.8/31.2GB (19%) swap=0.4/32.0GB (1%) cpu=7% browser_rss=0.92GB
  [ComfyUI] 2026-05-07 18:44:15,114 - hy3dgen.partgen - INFO - Downloading p3sam.safetensors...
  [ComfyUI] [worker:ComfyUI-Hunyuan3D-Part] INFO: Downloading p3sam.safetensors...
  [capture-loop] iter=850 t=115.6s state={'complete': False, 'error': None, 'executedCount': 0, 'wsState': 1} eval_ms=9 ram=5.8/31.2GB (19%) swap=0.4/32.0GB (1%) cpu=9% browser_rss=0.92GB
  [ComfyUI] [worker:ComfyUI-Hunyuan3D-Part] [Load P3-SAM] Model files ready at /workspaces/Hunyuan3D-Part-1836/ComfyUI/models/hunyuan3d-part
  [ComfyUI] [SubprocessWorker] got response: ok
  [ComfyUI] [comfy-env] LoadP3SAMSegmentor done (117.76s): result: NodeOutput
  [ComfyUI] [VRAM] After LoadP3SAMSegmentor: 563 / 24124 MB
  [ComfyUI] [comfy-env] Running LoadSonataEncoder: precision: 'auto', attn_backend: 'auto'
  [ComfyUI] [VRAM] Before LoadSonataEncoder: 563 / 24124 MB
  [ComfyUI] [SubprocessWorker] call_method: nodes.loaders.LoadSonataEncoder.EXECUTE_NORMALIZED
  [ComfyUI] [SubprocessWorker] acquired lock, ensuring started...
  [ComfyUI] [ComfyUI-Hunyuan3D-Part] Health check: ping (timeout=5.0s)...
  [ComfyUI] [ComfyUI-Hunyuan3D-Part] Health check: ok
  [ComfyUI] [SubprocessWorker] worker started/confirmed
  [ComfyUI] [SubprocessWorker] serializing kwargs to shm...
  [ComfyUI] [SubprocessWorker] created 0 shm blocks
  [ComfyUI] [SubprocessWorker] sending request via socket...
  [ComfyUI] [SubprocessWorker] call_id=2 sending call_method
  [ComfyUI] [worker:ComfyUI-Hunyuan3D-Part] [Load Sonata Encoder] Ensuring model files are downloaded...
  [ComfyUI] 2026-05-07 18:44:24,296 - hy3dgen.partgen - INFO - Using local models at: /workspaces/Hunyuan3D-Part-1836/ComfyUI/models/hunyuan3d-part
  [ComfyUI] [worker:ComfyUI-Hunyuan3D-Part] INFO: Using local models at: /workspaces/Hunyuan3D-Part-1836/ComfyUI/models/hunyuan3d-part
  [ComfyUI] [worker:ComfyUI-Hunyuan3D-Part] [Load Sonata Encoder] Model files ready at /workspaces/Hunyuan3D-Part-1836/ComfyUI/models/hunyuan3d-part
  [ComfyUI] [SubprocessWorker] got response: ok
  [ComfyUI] [comfy-env] SubprocessWorker: /workspaces/Hunyuan3D-Part-1836/ComfyUI/.ce/.pixi/envs/geometrypack-main/bin/python
  [ComfyUI] [comfy-env] LoadSonataEncoder done (0.17s): result: NodeOutput
  [ComfyUI] [comfy-env] env_vars: {'KMP_DUPLICATE_LIB_OK': 'TRUE', 'COMFYUI_BASE': '/workspaces/Hunyuan3D-Part-1836/ComfyUI'}
  [ComfyUI] [VRAM] After LoadSonataEncoder: 563 / 24124 MB
  [ComfyUI] [ComfyUI-GeometryPack] python: /workspaces/Hunyuan3D-Part-1836/ComfyUI/.ce/.pixi/envs/geometrypack-main/bin/python
  [ComfyUI] [comfy-env] Running GeomPackLoadMesh: file_path: '3d/utah_teapot.stl'
  [ComfyUI] [ComfyUI-GeometryPack] sys_path sent to worker: ['/workspaces/Hunyuan3D-Part-1836/ComfyUI', '/workspaces/Hunyuan3D-Part-1836/ComfyUI/custom_nodes/ComfyUI-GeometryPack', '/workspaces/Hunyuan3D-Part-1836/ComfyUI/.ce/.pixi/envs/geometrypack-main/lib/python3.1/site-packages', '/workspaces/Hunyuan3D-Part-1836/ComfyUI/custom_nodes/ComfyUI-GeometryPack']
  [ComfyUI] [VRAM] Before GeomPackLoadMesh: 563 / 24124 MB
  [ComfyUI] [SubprocessWorker] is_pixi=True, python=/workspaces/Hunyuan3D-Part-1836/ComfyUI/.ce/.pixi/envs/geometrypack-main/bin/python
  [ComfyUI] [SubprocessWorker] call_method: nodes.main.io.load_mesh.LoadMesh.EXECUTE_NORMALIZED
  [ComfyUI] [SubprocessWorker] launching cmd=['/root/.pixi/bin/pixi', 'run', '--as-is', '--manifest-path', '/workspaces/Hunyuan3D-Part-1836/ComfyUI/.ce/pixi.toml', '-e', 'geometrypack-main', 'python', '/tmp/comfyui_pvenv_a5dopepz/persistent_worker.py', 'abstract://comfy_worker_34db73d80a29']...
  [ComfyUI] [SubprocessWorker] acquired lock, ensuring started...
  [ComfyUI] [SubprocessWorker] socket_addr=abstract://comfy_worker_34db73d80a29 (abstract, no filesystem path)
  Frame 4 saved (frame_003.jpg, t=118.4s)
  [capture-periodic] freeze=6ms shot=221ms unfreeze=7ms saved=True
  [ComfyUI] [worker:ComfyUI-GeometryPack] WARNING: WARNING: You need pytorch with cu130 or higher to use optimized CUDA operations.
  [ComfyUI] [SubprocessWorker] worker started/confirmed
  [ComfyUI] [SubprocessWorker] serializing kwargs to shm...
  [ComfyUI] [SubprocessWorker] created 0 shm blocks
  [ComfyUI] [SubprocessWorker] sending request via socket...
  [ComfyUI] [SubprocessWorker] call_id=1 sending call_method
  [capture-loop] iter=900 t=122.8s state={'complete': False, 'error': None, 'executedCount': 0, 'wsState': 1} eval_ms=4 ram=6.1/31.2GB (20%) swap=0.4/32.0GB (1%) cpu=9% browser_rss=0.96GB
  [ComfyUI] [worker:ComfyUI-GeometryPack] INFO: Found mesh in input folder: 3d/utah_teapot.stl
  [ComfyUI] [worker:ComfyUI-GeometryPack] INFO: Loading: /workspaces/Hunyuan3D-Part-1836/ComfyUI/input/3d/utah_teapot.stl
  [ComfyUI] [worker:ComfyUI-GeometryPack] INFO: Initial mesh: 4719 vertices, 9438 faces
  [ComfyUI] [worker:ComfyUI-GeometryPack] INFO: Successfully loaded: 4719 vertices, 9438 faces
  [ComfyUI] [worker:ComfyUI-GeometryPack] INFO: Loaded: 4719 vertices, 9438 faces
  [ComfyUI] [SubprocessWorker] got response: ok
  [ComfyUI] [comfy-env] GeomPackLoadMesh done (6.09s): result: NodeOutput
  [ComfyUI] [VRAM] After GeomPackLoadMesh: 824 / 24124 MB
  [ComfyUI] [comfy-env] Running ComputeMeshFeatures: all_points: False, point_num: 100000, seed: 42, mesh: Trimesh, sonata_config: dict
  [ComfyUI] [ComfyUI-Hunyuan3D-Part] python: /workspaces/Hunyuan3D-Part-1836/ComfyUI/.ce/.pixi/envs/hunyuan3dpart-nodes/bin/python
  [ComfyUI] [VRAM] Before ComputeMeshFeatures: 824 / 24124 MB
  [ComfyUI] [ComfyUI-Hunyuan3D-Part] sys_path sent to worker: ['/workspaces/Hunyuan3D-Part-1836/ComfyUI', '/workspaces/Hunyuan3D-Part-1836/ComfyUI/custom_nodes/ComfyUI-Hunyuan3D-Part', '/workspaces/Hunyuan3D-Part-1836/ComfyUI/.ce/.pixi/envs/hunyuan3dpart-nodes/lib/python3.1/site-packages', '/workspaces/Hunyuan3D-Part-1836/ComfyUI/custom_nodes/ComfyUI-Hunyuan3D-Part']
  [ComfyUI] [SubprocessWorker] call_method: nodes.processing.ComputeMeshFeatures.EXECUTE_NORMALIZED
  [ComfyUI] [SubprocessWorker] is_pixi=True, python=/workspaces/Hunyuan3D-Part-1836/ComfyUI/.ce/.pixi/envs/hunyuan3dpart-nodes/bin/python
  [ComfyUI] [SubprocessWorker] acquired lock, ensuring started...
  [ComfyUI] [SubprocessWorker] launching cmd=['/root/.pixi/bin/pixi', 'run', '--as-is', '--manifest-path', '/workspaces/Hunyuan3D-Part-1836/ComfyUI/.ce/pixi.toml', '-e', 'hunyuan3dpart-nodes', 'python', '/tmp/comfyui_pvenv_1fy0x40v/persistent_worker.py', 'abstract://comfy_worker_c90aef2d42bd']...
  [ComfyUI] [ComfyUI-Hunyuan3D-Part] Health check: ping (timeout=5.0s)...
  [ComfyUI] [SubprocessWorker] socket_addr=abstract://comfy_worker_c90aef2d42bd (abstract, no filesystem path)
  [ComfyUI] [ComfyUI-Hunyuan3D-Part] Health check: failed
  [ComfyUI] [ComfyUI-Hunyuan3D-Part] Socket unhealthy, restarting worker...
  Frame 5 saved (frame_004.jpg, t=125.5s)
  [capture-periodic] freeze=12ms shot=237ms unfreeze=3ms saved=True
  [ComfyUI] [worker:ComfyUI-Hunyuan3D-Part] WARNING: WARNING: You need pytorch with cu130 or higher to use optimized CUDA operations.
  [ComfyUI] [SubprocessWorker] worker started/confirmed
  [ComfyUI] [SubprocessWorker] serializing kwargs to shm...
  [ComfyUI] [SubprocessWorker] created 1 shm blocks
  [ComfyUI] [SubprocessWorker] sending request via socket...
  [ComfyUI] [SubprocessWorker] call_id=3 sending call_method
  [capture-loop] iter=950 t=129.3s state={'complete': False, 'error': None, 'executedCount': 0, 'wsState': 1} eval_ms=4 ram=4.3/31.2GB (14%) swap=0.4/32.0GB (1%) cpu=12% browser_rss=0.96GB
  [ComfyUI] [worker:ComfyUI-Hunyuan3D-Part] [Compute Features] Computing mesh features...
  [capture-loop] iter=1000 t=135.7s state={'complete': False, 'error': None, 'executedCount': 0, 'wsState': 1} eval_ms=13 ram=4.4/31.2GB (14%) swap=0.4/32.0GB (1%) cpu=10% browser_rss=0.96GB
  [ComfyUI] [worker:ComfyUI-Hunyuan3D-Part] [Sonata Encoder] Building model (precision=auto, attn_backend=auto)...
  [ComfyUI] [worker:ComfyUI-Hunyuan3D-Part] Downloading sonata from HuggingFace (first time)...
  [capture-loop] iter=1050 t=141.7s state={'complete': False, 'error': None, 'executedCount': 0, 'wsState': 1} eval_ms=8 ram=4.5/31.2GB (14%) swap=0.4/32.0GB (1%) cpu=10% browser_rss=0.96GB
  [ComfyUI] [worker:ComfyUI-Hunyuan3D-Part] Downloaded to: /workspaces/Hunyuan3D-Part-1836/ComfyUI/models/sonata/sonata.pth
  [ComfyUI] [worker:ComfyUI-Hunyuan3D-Part] flash attention: True
  [capture-loop] iter=1100 t=148.1s state={'complete': False, 'error': None, 'executedCount': 0, 'wsState': 1} eval_ms=9 ram=5.2/31.2GB (17%) swap=0.4/32.0GB (1%) cpu=9% browser_rss=0.96GB
  [ComfyUI] [worker:ComfyUI-Hunyuan3D-Part] Model params: 108.46M 108461376
  [ComfyUI] [worker:ComfyUI-Hunyuan3D-Part] [Sonata Encoder] Loaded 453 Sonata backbone weights from P3-SAM checkpoint
  [ComfyUI] [worker:ComfyUI-Hunyuan3D-Part] [lowvram] Enabled: 80 cast modules, 25 orphan-param hooks
  [ComfyUI] [SubprocessWorker] callback 'request_vram_budget' from call_id=3
  [ComfyUI] [comfy-env] VRAM request: 0.22GB, free before eviction: 24.43GB
  [ComfyUI] [comfy-env] VRAM after eviction: 24.43GB
  [ComfyUI] [worker:ComfyUI-Hunyuan3D-Part] [Sonata Encoder] Loaded on cuda:0, dtype=torch.bfloat16
  [ComfyUI] [worker:ComfyUI-Hunyuan3D-Part] [Compute Features] Cleaning mesh...
  [ComfyUI] [worker:ComfyUI-Hunyuan3D-Part] [VRAM] +209MB (now 209MB) reserved=224MB peak=209MB
  [ComfyUI] [worker:ComfyUI-Hunyuan3D-Part] [Compute Features] Building adjacent faces...
  [ComfyUI] [worker:ComfyUI-Hunyuan3D-Part] [Compute Features] Sampling 100000 points...
  [ComfyUI] [worker:ComfyUI-Hunyuan3D-Part] [Compute Features] Extracting Sonata features...
  [ComfyUI] W0507 18:44:56.229000 2716 .ce/.pixi/envs/hunyuan3dpart-nodes/lib/python3.12/site-packages/torch/fx/_symbolic_trace.py:53] is_fx_tracing will return true for both fx.symbolic_trace and torch.export. Please use is_fx_tracing_symbolic_tracing() for specifically fx.symbolic_trace or torch.compiler.is_compiling() for specifically torch.export/compile.
  [ComfyUI] /workspaces/Hunyuan3D-Part-1836/ComfyUI/.ce/.pixi/envs/hunyuan3dpart-nodes/lib/python3.1/site-packages/spconv/pytorch/cppcore.py:106: UserWarning: [WARNING]your gpu arch (8, 6) isn't compiled in prebuilt, may cause invalid device function error. available: {(9, 0), (12, 0), (7, 0), (8, 0), (10, 0)}
  [ComfyUI]   warnings.warn(
  [ComfyUI] [worker:ComfyUI-Hunyuan3D-Part] Can't find algo Ampere_bf16bf16bf16f32f32tnt_m64n64k32m32n32k32A1T16816_200_C301LLL_SK in prebuilt. compile with nvrtc...
  [ComfyUI] [worker:ComfyUI-Hunyuan3D-Part] Can't find algo Ampere_bf16bf16bf16f32f32tnt_m64n64k32m32n32k32A1T16816_300_C301LLL_SK in prebuilt. compile with nvrtc...
  [capture-loop] iter=1150 t=154.5s state={'complete': False, 'error': None, 'executedCount': 0, 'wsState': 1} eval_ms=4 ram=5.3/31.2GB (17%) swap=0.4/32.0GB (1%) cpu=10% browser_rss=0.96GB
  [ComfyUI] [worker:ComfyUI-Hunyuan3D-Part] Can't find algo Ampere_bf16bf16bf16f32f32tnt_m64n64k32m32n32k32A1T16816_400_C301LLL_SK in prebuilt. compile with nvrtc...
  [ComfyUI] [worker:ComfyUI-Hunyuan3D-Part] Can't find algo Ampere_bf16bf16bf16f32f32tnt_m64n128k32m32n64k32A1T16816_200_C301LLL_SK in prebuilt. compile with nvrtc...
  [ComfyUI] [worker:ComfyUI-Hunyuan3D-Part] Can't find algo Ampere_bf16bf16bf16f32f32tnt_m64n128k32m32n64k32A1T16816_300_C301LLL_SK in prebuilt. compile with nvrtc...
  [capture-loop] iter=1200 t=160.8s state={'complete': False, 'error': None, 'executedCount': 0, 'wsState': 1} eval_ms=9 ram=5.3/31.2GB (17%) swap=0.4/32.0GB (1%) cpu=10% browser_rss=0.96GB
  [ComfyUI] [worker:ComfyUI-Hunyuan3D-Part] Can't find algo Ampere_bf16bf16bf16f32f32tnt_m64n128k32m32n64k32A1T16816_400_C301LLL_SK in prebuilt. compile with nvrtc...
  [ComfyUI] [worker:ComfyUI-Hunyuan3D-Part] Can't find algo Ampere_bf16bf16bf16f32f32tnt_m128n64k32m64n32k32A1T16816_200_C301LLL_SK in prebuilt. compile with nvrtc...
  [ComfyUI] [worker:ComfyUI-Hunyuan3D-Part] Can't find algo Ampere_bf16bf16bf16f32f32tnt_m128n64k32m64n32k32A1T16816_300_C301LLL_SK in prebuilt. compile with nvrtc...
  [capture-loop] iter=1250 t=166.9s state={'complete': False, 'error': None, 'executedCount': 0, 'wsState': 1} eval_ms=14 ram=5.2/31.2GB (17%) swap=0.4/32.0GB (1%) cpu=10% browser_rss=0.96GB
  [ComfyUI] [worker:ComfyUI-Hunyuan3D-Part] Can't find algo Ampere_bf16bf16bf16f32f32tnt_m128n64k32m64n32k32A1T16816_400_C301LLL_SK in prebuilt. compile with nvrtc...
  [ComfyUI] [worker:ComfyUI-Hunyuan3D-Part] [Compute Features] Features computed (17.96s)
  [ComfyUI] [worker:ComfyUI-Hunyuan3D-Part] [Compute Features] Computing PCA4 debug field...
  [ComfyUI] [SubprocessWorker] got response: ok
  [ComfyUI] [comfy-env] Created 1 model patchers: ['SonataEncoder_1']
  [ComfyUI] [comfy-env] ComputeMeshFeatures done (45.22s): result: NodeOutput
  [ComfyUI] [VRAM] After ComputeMeshFeatures: 1770 / 24124 MB
  [ComfyUI] [VRAM] Loaded: SubprocessModel (209 MB)
  [ComfyUI] [comfy-env] Running GeomPackPreviewMeshVTK: mode: 'fields', trimesh: Trimesh
  [ComfyUI] [VRAM] Before GeomPackPreviewMeshVTK: 1770 / 24124 MB
  [ComfyUI] [VRAM] Loaded: SubprocessModel (209 MB)
  [ComfyUI] [SubprocessWorker] call_method: nodes.main.visualization.preview_mesh_vtk.PreviewMeshVTKNode.EXECUTE_NORMALIZED
  [ComfyUI] [SubprocessWorker] acquired lock, ensuring started...
  [ComfyUI] [ComfyUI-GeometryPack] Health check: ping (timeout=5.0s)...
  [ComfyUI] [ComfyUI-GeometryPack] Health check: ok
  [ComfyUI] [SubprocessWorker] worker started/confirmed
  [ComfyUI] [SubprocessWorker] serializing kwargs to shm...
  [ComfyUI] [SubprocessWorker] created 1 shm blocks
  [ComfyUI] [SubprocessWorker] sending request via socket...
  [ComfyUI] [SubprocessWorker] call_id=2 sending call_method
  [ComfyUI] [worker:ComfyUI-GeometryPack] INFO: Preparing preview: Mesh - 4719 vertices, 9438 faces
  [ComfyUI] [worker:ComfyUI-GeometryPack] INFO: Mode: fields
  [ComfyUI] [worker:ComfyUI-GeometryPack] INFO: Visual data - has_visual: True, kind: None, texture: False, vertex_colors: False
  [ComfyUI] [worker:ComfyUI-GeometryPack] INFO: Using fields mode - VTP export
  [ComfyUI] [worker:ComfyUI-GeometryPack] INFO: Exporting mesh to VTP: /workspaces/Hunyuan3D-Part-1836/ComfyUI/output/preview_vtk_a45921a2.vtp
  [ComfyUI] [worker:ComfyUI-GeometryPack] INFO: Adding normals field (4719 vertices)
  [ComfyUI] [worker:ComfyUI-GeometryPack] INFO: Adding scalar field: features_pca4_debug (components: 4)
  [ComfyUI] [worker:ComfyUI-GeometryPack] INFO: Export complete: 4719 vertices, 9438 faces
  [ComfyUI] [worker:ComfyUI-GeometryPack] INFO: Exported VTP to: /workspaces/Hunyuan3D-Part-1836/ComfyUI/output/preview_vtk_a45921a2.vtp
  [ComfyUI] [worker:ComfyUI-GeometryPack] INFO: Vertex attributes: ['features_pca4_debug']
  [ComfyUI] [worker:ComfyUI-GeometryPack] INFO: Fields mode info: watertight=True, volume=526.507402589034, area=388.6062594385798, fields=['features_pca4_debug']
  [ComfyUI] [SubprocessWorker] got response: ok
  [ComfyUI] [comfy-env] GeomPackPreviewMeshVTK done (1.27s): result: NodeOutput
  [ComfyUI] [VRAM] After GeomPackPreviewMeshVTK: 1770 / 24124 MB
  [ComfyUI] [VRAM] Loaded: SubprocessModel (209 MB)
  [ComfyUI] [comfy-env] Running P3SAMSegmentMesh: prompt_num: 400, threshold: 0.95, post_process: True, batch_size: 1, mesh_with_features: Trimesh, p3sam_config: dict
  [ComfyUI] [VRAM] Before P3SAMSegmentMesh: 1770 / 24124 MB
  Node executed (1 total), capturing...
  [ComfyUI] [VRAM] Loaded: SubprocessModel (209 MB)
  [ComfyUI] [SubprocessWorker] call_method: nodes.processing.P3SAMSegmentMesh.EXECUTE_NORMALIZED
  [ComfyUI] [SubprocessWorker] acquired lock, ensuring started...
  [ComfyUI] [ComfyUI-Hunyuan3D-Part] Health check: ping (timeout=5.0s)...
  [ComfyUI] [ComfyUI-Hunyuan3D-Part] Health check: ok
  [ComfyUI] [SubprocessWorker] worker started/confirmed
  [ComfyUI] [SubprocessWorker] serializing kwargs to shm...
  [ComfyUI] [SubprocessWorker] created 1 shm blocks
  [ComfyUI] [SubprocessWorker] sending request via socket...
  [ComfyUI] [SubprocessWorker] call_id=4 sending call_method
  Frame 6 saved (frame_005.jpg, t=171.2s)
  [capture-node] freeze=37ms shot=381ms unfreeze=4ms saved=True
  [ComfyUI] [worker:ComfyUI-Hunyuan3D-Part] [P3-SAM Segment] Running segmentation with 400 prompts, batch_size=1...
  [ComfyUI] [worker:ComfyUI-Hunyuan3D-Part] [VRAM] before model load: allocated=0.21GB, reserved=0.84GB, total=23.56GB
  [ComfyUI] [worker:ComfyUI-Hunyuan3D-Part] [P3-SAM] Building model (precision=auto, attn_backend=auto)...
  [ComfyUI] [worker:ComfyUI-Hunyuan3D-Part] Loading sonata from cache: /workspaces/Hunyuan3D-Part-1836/ComfyUI/models/sonata/sonata.pth
  [ComfyUI] [worker:ComfyUI-Hunyuan3D-Part] flash attention: True
  [capture-loop] iter=1300 t=173.8s state={'complete': False, 'error': None, 'executedCount': 1, 'wsState': 1} eval_ms=3 ram=7.6/31.2GB (24%) swap=0.4/32.0GB (1%) cpu=11% browser_rss=1.01GB
  Frame 7 saved (frame_006.jpg, t=173.8s)
  [capture-periodic] freeze=3ms shot=255ms unfreeze=8ms saved=True
  [ComfyUI] [worker:ComfyUI-Hunyuan3D-Part] Model params: 108.46M 108461376
  [ComfyUI] [worker:ComfyUI-Hunyuan3D-Part] [P3-SAM] precision=auto, dtype=torch.bfloat16
  [ComfyUI] [worker:ComfyUI-Hunyuan3D-Part] [lowvram] Enabled: 107 cast modules, 25 orphan-param hooks
  [ComfyUI] [SubprocessWorker] callback 'request_vram_budget' from call_id=4
  [ComfyUI] [comfy-env] VRAM request: 0.23GB, free before eviction: 23.44GB
  [ComfyUI] [comfy-env] VRAM after eviction: 23.44GB
  [ComfyUI] [worker:ComfyUI-Hunyuan3D-Part] [P3-SAM] Model loaded on cuda:0
  [ComfyUI] [worker:ComfyUI-Hunyuan3D-Part] [VRAM] after model load: allocated=0.42GB, reserved=0.44GB, total=23.56GB
  [ComfyUI] [worker:ComfyUI-Hunyuan3D-Part] [VRAM] +224MB (now 433MB) reserved=448MB peak=433MB
  [ComfyUI] [worker:ComfyUI-Hunyuan3D-Part] [VRAM] after tensor pre-upload: allocated=0.52GB, reserved=0.53GB, total=23.56GB
  [ComfyUI] [worker:ComfyUI-Hunyuan3D-Part] [P3-SAM Segment] 400 prompts / batch_size 1 = 400 steps
  [ComfyUI] [worker:ComfyUI-Hunyuan3D-Part] [VRAM] before inference loop: allocated=0.52GB, reserved=0.53GB, total=23.56GB
  [ComfyUI] [worker:ComfyUI-Hunyuan3D-Part] [VRAM] after first batch (bs=1): allocated=0.52GB, reserved=1.41GB, total=23.56GB
  [ComfyUI] [SubprocessWorker] callback 'report_progress' from call_id=4
  [ComfyUI] [SubprocessWorker] callback 'report_progress' from call_id=4
  [ComfyUI] [SubprocessWorker] callback 'report_progress' from call_id=4
  [ComfyUI] [SubprocessWorker] callback 'report_progress' from call_id=4
  [ComfyUI] [SubprocessWorker] callback 'report_progress' from call_id=4
  [ComfyUI] [SubprocessWorker] callback 'report_progress' from call_id=4
  [ComfyUI] [SubprocessWorker] callback 'report_progress' from call_id=4
  [ComfyUI] [worker:ComfyUI-Hunyuan3D-Part] [VRAM] +394MB (now 828MB) reserved=1536MB peak=883MB
  [ComfyUI] [SubprocessWorker] callback 'report_progress' from call_id=4
  [ComfyUI] [SubprocessWorker] callback 'report_progress' from call_id=4
  [ComfyUI] [SubprocessWorker] callback 'report_progress' from call_id=4
  [ComfyUI] [SubprocessWorker] callback 'report_progress' from call_id=4
  [ComfyUI] [SubprocessWorker] callback 'report_progress' from call_id=4
  [ComfyUI] [SubprocessWorker] callback 'report_progress' from call_id=4
  [ComfyUI] [SubprocessWorker] callback 'report_progress' from call_id=4
  [ComfyUI] [SubprocessWorker] callback 'report_progress' from call_id=4
  Frame 8 saved (frame_007.jpg, t=176.3s)
  [capture-periodic] freeze=14ms shot=242ms unfreeze=5ms saved=True
  [ComfyUI] [worker:ComfyUI-Hunyuan3D-Part] [VRAM] -295MB (now 533MB) reserved=1536MB peak=883MB
  [ComfyUI] [SubprocessWorker] callback 'report_progress' from call_id=4
  [ComfyUI] [SubprocessWorker] callback 'report_progress' from call_id=4
  [ComfyUI] [SubprocessWorker] callback 'report_progress' from call_id=4
  [ComfyUI] [SubprocessWorker] callback 'report_progress' from call_id=4
  [ComfyUI] [SubprocessWorker] callback 'report_progress' from call_id=4
  [ComfyUI] [SubprocessWorker] callback 'report_progress' from call_id=4
  [ComfyUI] [SubprocessWorker] callback 'report_progress' from call_id=4
  [ComfyUI] [SubprocessWorker] callback 'report_progress' from call_id=4
  [ComfyUI] [SubprocessWorker] callback 'report_progress' from call_id=4
  [ComfyUI] [SubprocessWorker] callback 'report_progress' from call_id=4
  [ComfyUI] [SubprocessWorker] callback 'report_progress' from call_id=4
  [ComfyUI] [SubprocessWorker] callback 'report_progress' from call_id=4
  [ComfyUI] [worker:ComfyUI-Hunyuan3D-Part] [VRAM] +294MB (now 827MB) reserved=1536MB peak=883MB
  [ComfyUI] [SubprocessWorker] callback 'report_progress' from call_id=4
  [ComfyUI] [SubprocessWorker] callback 'report_progress' from call_id=4
  [ComfyUI] [SubprocessWorker] callback 'report_progress' from call_id=4
  [ComfyUI] [SubprocessWorker] callback 'report_progress' from call_id=4
  [ComfyUI] [SubprocessWorker] callback 'report_progress' from call_id=4
  [ComfyUI] [SubprocessWorker] callback 'report_progress' from call_id=4
  [ComfyUI] [SubprocessWorker] callback 'report_progress' from call_id=4
  [ComfyUI] [SubprocessWorker] callback 'report_progress' from call_id=4
  [ComfyUI] [SubprocessWorker] callback 'report_progress' from call_id=4
  [ComfyUI] [worker:ComfyUI-Hunyuan3D-Part] [VRAM] -295MB (now 533MB) reserved=1536MB peak=979MB
  Frame 9 saved (frame_008.jpg, t=178.7s)
  [capture-periodic] freeze=3ms shot=248ms unfreeze=9ms saved=True
  [ComfyUI] [SubprocessWorker] callback 'report_progress' from call_id=4
  [ComfyUI] [SubprocessWorker] callback 'report_progress' from call_id=4
  [ComfyUI] [SubprocessWorker] callback 'report_progress' from call_id=4
  [ComfyUI] [SubprocessWorker] callback 'report_progress' from call_id=4
  [ComfyUI] [SubprocessWorker] callback 'report_progress' from call_id=4
  [ComfyUI] [SubprocessWorker] callback 'report_progress' from call_id=4
  [ComfyUI] [SubprocessWorker] callback 'report_progress' from call_id=4
  [ComfyUI] [SubprocessWorker] callback 'report_progress' from call_id=4
  [ComfyUI] [SubprocessWorker] callback 'report_progress' from call_id=4
  [ComfyUI] [SubprocessWorker] callback 'report_progress' from call_id=4
  [ComfyUI] [SubprocessWorker] callback 'report_progress' from call_id=4
  [ComfyUI] [SubprocessWorker] callback 'report_progress' from call_id=4
  [ComfyUI] [SubprocessWorker] callback 'report_progress' from call_id=4
  [ComfyUI] [worker:ComfyUI-Hunyuan3D-Part] [VRAM] +347MB (now 881MB) reserved=1536MB peak=979MB
  [capture-loop] iter=1350 t=180.6s state={'complete': False, 'error': None, 'executedCount': 1, 'wsState': 1} eval_ms=16 ram=7.7/31.2GB (25%) swap=0.4/32.0GB (1%) cpu=11% browser_rss=1.02GB
  [ComfyUI] [SubprocessWorker] callback 'report_progress' from call_id=4
  [ComfyUI] [SubprocessWorker] callback 'report_progress' from call_id=4
  [ComfyUI] [SubprocessWorker] callback 'report_progress' from call_id=4
  [ComfyUI] [SubprocessWorker] callback 'report_progress' from call_id=4
  [ComfyUI] [SubprocessWorker] callback 'report_progress' from call_id=4
  [ComfyUI] [SubprocessWorker] callback 'report_progress' from call_id=4
  [ComfyUI] [SubprocessWorker] callback 'report_progress' from call_id=4
  [ComfyUI] [SubprocessWorker] callback 'report_progress' from call_id=4
  Frame 10 saved (frame_009.jpg, t=181.2s)
  [capture-periodic] freeze=13ms shot=254ms unfreeze=10ms saved=True
  [ComfyUI] [worker:ComfyUI-Hunyuan3D-Part] [VRAM] -348MB (now 533MB) reserved=1536MB peak=1080MB
  [ComfyUI] [SubprocessWorker] callback 'report_progress' from call_id=4
  [ComfyUI] [SubprocessWorker] callback 'report_progress' from call_id=4
  [ComfyUI] [SubprocessWorker] callback 'report_progress' from call_id=4
  [ComfyUI] [SubprocessWorker] callback 'report_progress' from call_id=4
  [ComfyUI] [SubprocessWorker] callback 'report_progress' from call_id=4
  [ComfyUI] [SubprocessWorker] callback 'report_progress' from call_id=4
  [ComfyUI] [SubprocessWorker] callback 'report_progress' from call_id=4
  [ComfyUI] [SubprocessWorker] callback 'report_progress' from call_id=4
  [ComfyUI] [SubprocessWorker] callback 'report_progress' from call_id=4
  [ComfyUI] [SubprocessWorker] callback 'report_progress' from call_id=4
  [ComfyUI] [SubprocessWorker] callback 'report_progress' from call_id=4
  [ComfyUI] [SubprocessWorker] callback 'report_progress' from call_id=4
  [ComfyUI] [worker:ComfyUI-Hunyuan3D-Part] [VRAM] after inference loop: allocated=0.52GB, reserved=1.50GB, total=23.56GB
  Frame 11 saved (frame_010.jpg, t=183.6s)
  [capture-periodic] freeze=4ms shot=276ms unfreeze=3ms saved=True
  [ComfyUI] [worker:ComfyUI-Hunyuan3D-Part] [P3-SAM Segment] NMS complete: 4 clusters
  [ComfyUI] [worker:ComfyUI-Hunyuan3D-Part] >>>>>> compute aabb runtime: 0.0286 seconds
  [ComfyUI] [worker:ComfyUI-Hunyuan3D-Part] >>>>>> merge mesh runtime: 0.0067 seconds
  [ComfyUI] [worker:ComfyUI-Hunyuan3D-Part] [P3-SAM Segment] Segmentation complete: found 4 parts
  [ComfyUI] [worker:ComfyUI-Hunyuan3D-Part]
  [ComfyUI] === WATCHDOG TICK 1 ===
  [ComfyUI] [worker:ComfyUI-Hunyuan3D-Part] Thread 0x000071c933fff640 (most recent call first):
  [ComfyUI]   File "/workspaces/Hunyuan3D-Part-1836/ComfyUI/.ce/.pixi/envs/hunyuan3dpart-nodes/lib/python3.12/threading.py", line 359 in wait
  [ComfyUI]   File "/workspaces/Hunyuan3D-Part-1836/ComfyUI/.ce/.pixi/envs/hunyuan3dpart-nodes/lib/python3.12/threading.py", line 655 in wait
  [ComfyUI]   File "/workspaces/Hunyuan3D-Part-1836/ComfyUI/.ce/.pixi/envs/hunyuan3dpart-nodes/lib/python3.12/site-packages/tqdm/_monitor.py", line 60 in run
  [ComfyUI]   File "/workspaces/Hunyuan3D-Part-1836/ComfyUI/.ce/.pixi/envs/hunyuan3dpart-nodes/lib/python3.12/threading.py", line 1075 in _bootstrap_inner
  [ComfyUI]   File "/workspaces/Hunyuan3D-Part-1836/ComfyUI/.ce/.pixi/envs/hunyuan3dpart-nodes/lib/python3.12/threading.py", line 1032 in _bootstrap
  [ComfyUI] 
  [ComfyUI] Thread 0x000071cb6cb33640 (most recent call first):
  [ComfyUI]   File "/tmp/comfyui_pvenv_1fy0x40v/persistent_worker.py", line 106 in _vram_poller
  [ComfyUI]   File "/workspaces/Hunyuan3D-Part-1836/ComfyUI/.ce/.pixi/envs/hunyuan3dpart-nodes/lib/python3.12/threading.py", line 1012 in run
  [ComfyUI]   File "/workspaces/Hunyuan3D-Part-1836/ComfyUI/.ce/.pixi/envs/hunyuan3dpart-nodes/lib/python3.12/threading.py", line 1075 in _bootstrap_inner
  [ComfyUI]   File "/workspaces/Hunyuan3D-Part-1836/ComfyUI/.ce/.pixi/envs/hunyuan3dpart-nodes/lib/python3.12/threading.py", line 1032 in _bootstrap
  [ComfyUI] 
  [ComfyUI] Current thread 0x000071cb6d338640 (most recent call first):
  [ComfyUI]   File "/tmp/comfyui_pvenv_1fy0x40v/persistent_worker.py", line 52 in _watchdog
  [ComfyUI]   File "/workspaces/Hunyuan3D-Part-1836/ComfyUI/.ce/.pixi/envs/hunyuan3dpart-nodes/lib/python3.12/threading.py", line 1012 in run
  [ComfyUI]   File "/workspaces/Hunyuan3D-Part-1836/ComfyUI/.ce/.pixi/envs/hunyuan3dpart-nodes/lib/python3.12/threading.py", line 1075 in _bootstrap_inner
  [ComfyUI]   File "/workspaces/Hunyuan3D-Part-1836/ComfyUI/.ce/.pixi/envs/hunyuan3dpart-nodes/lib/python3.12/threading.py", line 1032 in _bootstrap
  [ComfyUI] 
  [ComfyUI] Thread 0x000071cb6d933740 (most recent call first):
  [ComfyUI]   File "/tmp/comfyui_pvenv_1fy0x40v/persistent_worker.py", line 191 in _memfd_write
  [ComfyUI]   File "/tmp/comfyui_pvenv_1fy0x40v/persistent_worker.py", line 663 in _to_shm
  [ComfyUI]   File "/tmp/comfyui_pvenv_1fy0x40v/persistent_worker.py", line 705 in _to_shm
  [ComfyUI]   File "/tmp/comfyui_pvenv_1fy0x40v/persistent_worker.py", line 692 in _to_shm
  [ComfyUI]   File "/tmp/comfyui_pvenv_1fy0x40v/persistent_worker.py", line 1759 in main
  [ComfyUI]   File "/tmp/comfyui_pvenv_1fy0x40v/persistent_worker.py", line 1794 in <module>
  [ComfyUI] 
  [ComfyUI] [worker:ComfyUI-Hunyuan3D-Part] === END ===
  [ComfyUI] 
  [ComfyUI] [SubprocessWorker] got response: ok
  [ComfyUI] [comfy-env] Created 1 model patchers: ['MultiHeadSegment_2']
  [ComfyUI] [comfy-env] P3SAMSegmentMesh done (14.25s): result: NodeOutput
  [ComfyUI] [ComfyUI-GeometryPack] python: /workspaces/Hunyuan3D-Part-1836/ComfyUI/.ce/.pixi/envs/geometrypack-main/bin/python
  [ComfyUI] [VRAM] After P3SAMSegmentMesh: 2442 / 24124 MB
  [ComfyUI] [ComfyUI-GeometryPack] sys_path sent to worker: ['/workspaces/Hunyuan3D-Part-1836/ComfyUI', '/workspaces/Hunyuan3D-Part-1836/ComfyUI/custom_nodes/ComfyUI-GeometryPack', '/workspaces/Hunyuan3D-Part-1836/ComfyUI/.ce/.pixi/envs/geometrypack-main/lib/python3.1/site-packages', '/workspaces/Hunyuan3D-Part-1836/ComfyUI/custom_nodes/ComfyUI-GeometryPack']
  [ComfyUI] [VRAM] Loaded: SubprocessModel (215 MB), SubprocessModel (209 MB)
  [ComfyUI] [SubprocessWorker] is_pixi=True, python=/workspaces/Hunyuan3D-Part-1836/ComfyUI/.ce/.pixi/envs/geometrypack-main/bin/python
  [ComfyUI] [comfy-env] Running GeomPackPreviewMeshVTK: mode: 'fields', trimesh: Trimesh
  [ComfyUI] [SubprocessWorker] launching cmd=['/root/.pixi/bin/pixi', 'run', '--as-is', '--manifest-path', '/workspaces/Hunyuan3D-Part-1836/ComfyUI/.ce/pixi.toml', '-e', 'geometrypack-main', 'python', '/tmp/comfyui_pvenv_a5dopepz/persistent_worker.py', 'abstract://comfy_worker_56e39a5996d8']...
  [ComfyUI] [VRAM] Before GeomPackPreviewMeshVTK: 2442 / 24124 MB
  [ComfyUI] [SubprocessWorker] socket_addr=abstract://comfy_worker_56e39a5996d8 (abstract, no filesystem path)
  [ComfyUI] [VRAM] Loaded: SubprocessModel (215 MB), SubprocessModel (209 MB)
  [ComfyUI] [SubprocessWorker] call_method: nodes.main.visualization.preview_mesh_vtk.PreviewMeshVTKNode.EXECUTE_NORMALIZED
  [ComfyUI] [SubprocessWorker] acquired lock, ensuring started...
  [ComfyUI] [ComfyUI-GeometryPack] Health check: ping (timeout=5.0s)...
  [ComfyUI] [ComfyUI-GeometryPack] Health check: failed
  [ComfyUI] [ComfyUI-GeometryPack] Socket unhealthy, restarting worker...
  Frame 12 saved (frame_011.jpg, t=186.0s)
  [capture-periodic] freeze=4ms shot=257ms unfreeze=8ms saved=True
  [capture-loop] iter=1400 t=187.4s state={'complete': False, 'error': None, 'executedCount': 1, 'wsState': 1} eval_ms=3 ram=7.2/31.2GB (23%) swap=0.4/32.0GB (1%) cpu=12% browser_rss=1.05GB
  [ComfyUI] [worker:ComfyUI-GeometryPack] WARNING: WARNING: You need pytorch with cu130 or higher to use optimized CUDA operations.
  [ComfyUI] [SubprocessWorker] worker started/confirmed
  [ComfyUI] [SubprocessWorker] serializing kwargs to shm...
  [ComfyUI] [SubprocessWorker] created 1 shm blocks
  [ComfyUI] [SubprocessWorker] sending request via socket...
  [ComfyUI] [SubprocessWorker] call_id=3 sending call_method
  [ComfyUI] [worker:ComfyUI-GeometryPack] INFO: Preparing preview: Mesh - 4719 vertices, 9438 faces
  [ComfyUI] [worker:ComfyUI-GeometryPack] INFO: Mode: fields
  [ComfyUI] [worker:ComfyUI-GeometryPack] INFO: Visual data - has_visual: True, kind: None, texture: False, vertex_colors: False
  [ComfyUI] [worker:ComfyUI-GeometryPack] INFO: Using fields mode - VTP export
  [ComfyUI] [worker:ComfyUI-GeometryPack] INFO: Exporting mesh to VTP: /workspaces/Hunyuan3D-Part-1836/ComfyUI/output/preview_vtk_2c877e5f.vtp
  [ComfyUI] [worker:ComfyUI-GeometryPack] INFO: Adding normals field (4719 vertices)
  [ComfyUI] [worker:ComfyUI-GeometryPack] INFO: Adding scalar field: features_pca4_debug (components: 4)
  [ComfyUI] [worker:ComfyUI-GeometryPack] INFO: Adding face field: part_id
  [ComfyUI] [worker:ComfyUI-GeometryPack] INFO: Export complete: 4719 vertices, 9438 faces
  [ComfyUI] [worker:ComfyUI-GeometryPack] INFO: Exported VTP to: /workspaces/Hunyuan3D-Part-1836/ComfyUI/output/preview_vtk_2c877e5f.vtp
  [ComfyUI] [worker:ComfyUI-GeometryPack] INFO: Vertex attributes: ['features_pca4_debug']
  [ComfyUI] [worker:ComfyUI-GeometryPack] INFO: Face attributes: ['part_id']
  [ComfyUI] [worker:ComfyUI-GeometryPack] INFO: Fields mode info: watertight=True, volume=526.507402589034, area=388.6062594385798, fields=['features_pca4_debug', 'face.part_id']
  [ComfyUI] [SubprocessWorker] got response: ok
  [ComfyUI] [comfy-env] GeomPackPreviewMeshVTK done (5.60s): result: NodeOutput
  [ComfyUI] [VRAM] After GeomPackPreviewMeshVTK: 2442 / 24124 MB
  [ComfyUI] [VRAM] Loaded: SubprocessModel (215 MB), SubprocessModel (209 MB)
  [ComfyUI] [comfy-env] Running LoadXPartModels: precision: 'auto', attn_backend: 'auto'
  [ComfyUI] [VRAM] Before LoadXPartModels: 2442 / 24124 MB
  [ComfyUI] [VRAM] Loaded: SubprocessModel (215 MB), SubprocessModel (209 MB)
  [ComfyUI] [SubprocessWorker] call_method: nodes.loaders.LoadXPartModels.EXECUTE_NORMALIZED
  [ComfyUI] [SubprocessWorker] acquired lock, ensuring started...
  [ComfyUI] [ComfyUI-Hunyuan3D-Part] Health check: ping (timeout=5.0s)...
  [ComfyUI] [ComfyUI-Hunyuan3D-Part] Health check: ok
  [ComfyUI] [SubprocessWorker] worker started/confirmed
  [ComfyUI] [SubprocessWorker] serializing kwargs to shm...
  [ComfyUI] [SubprocessWorker] created 0 shm blocks
  [ComfyUI] [SubprocessWorker] sending request via socket...
  [ComfyUI] [SubprocessWorker] call_id=5 sending call_method
  [ComfyUI] [worker:ComfyUI-Hunyuan3D-Part] [Load X-Part Models] Ensuring model files are downloaded...
  [ComfyUI] 2026-05-07 18:45:36,942 - hy3dgen.partgen - INFO - Using local models at: /workspaces/Hunyuan3D-Part-1836/ComfyUI/models/hunyuan3d-part
  [ComfyUI] [worker:ComfyUI-Hunyuan3D-Part] INFO: Using local models at: /workspaces/Hunyuan3D-Part-1836/ComfyUI/models/hunyuan3d-part
  [ComfyUI] [worker:ComfyUI-Hunyuan3D-Part] [Load X-Part Models] Model files ready at /workspaces/Hunyuan3D-Part-1836/ComfyUI/models/hunyuan3d-part
  [ComfyUI] [SubprocessWorker] got response: ok
  [ComfyUI] [comfy-env] LoadXPartModels done (0.19s): result: NodeOutput
  [ComfyUI] [VRAM] After LoadXPartModels: 2442 / 24124 MB
  [ComfyUI] [VRAM] Loaded: SubprocessModel (215 MB), SubprocessModel (209 MB)
  [ComfyUI] [comfy-env] Running ComputeMeshFeatures: all_points: True, point_num: 100000, seed: 42, mesh: Trimesh, sonata_config: dict
  [ComfyUI] [VRAM] Before ComputeMeshFeatures: 2442 / 24124 MB
  [ComfyUI] [VRAM] Loaded: SubprocessModel (215 MB), SubprocessModel (209 MB)
  [ComfyUI] [SubprocessWorker] call_method: nodes.processing.ComputeMeshFeatures.EXECUTE_NORMALIZED
  [ComfyUI] [SubprocessWorker] acquired lock, ensuring started...
  [ComfyUI] [ComfyUI-Hunyuan3D-Part] Health check: ping (timeout=5.0s)...
  [ComfyUI] [ComfyUI-Hunyuan3D-Part] Health check: ok
  [ComfyUI] [SubprocessWorker] worker started/confirmed
  [ComfyUI] [SubprocessWorker] serializing kwargs to shm...
  Node executed (2 total), capturing...
  Frame 13 saved (frame_012.jpg, t=191.3s)
  [capture-node] freeze=10ms shot=254ms unfreeze=15ms saved=True
  [ComfyUI] [SubprocessWorker] created 1 shm blocks
  [ComfyUI] [SubprocessWorker] sending request via socket...
  [ComfyUI] [SubprocessWorker] call_id=6 sending call_method
  [ComfyUI] [worker:ComfyUI-Hunyuan3D-Part] [Compute Features] Computing mesh features...
  [ComfyUI] [SubprocessWorker] callback 'request_vram_budget' from call_id=6
  [ComfyUI] [comfy-env] VRAM request: 0.22GB, free before eviction: 22.74GB
  [ComfyUI] [comfy-env] VRAM after eviction: 22.74GB
  [ComfyUI] [worker:ComfyUI-Hunyuan3D-Part] [Compute Features] Cleaning mesh...
  [ComfyUI] [worker:ComfyUI-Hunyuan3D-Part] [Compute Features] Building adjacent faces...
  [ComfyUI] [worker:ComfyUI-Hunyuan3D-Part] [Compute Features] Using ALL 4719 mesh vertices...
  [ComfyUI] [worker:ComfyUI-Hunyuan3D-Part] [Compute Features] Extracting Sonata features...
  [ComfyUI] [worker:ComfyUI-Hunyuan3D-Part] [Compute Features] Features computed (0.19s)
  [ComfyUI] [worker:ComfyUI-Hunyuan3D-Part] [Compute Features] Computing PCA4 debug field...
  [ComfyUI] [SubprocessWorker] got response: ok
  [ComfyUI] [comfy-env] ComputeMeshFeatures done (1.45s): result: NodeOutput
  [ComfyUI] [VRAM] After ComputeMeshFeatures: 1386 / 24124 MB
  [ComfyUI] [VRAM] Loaded: SubprocessModel (215 MB), SubprocessModel (209 MB)
  [ComfyUI] [comfy-env] Running XPartGenerateParts: octree_resolution: 256, num_inference_steps: 25, guidance_scale: -1.0, seed: 42, pc_size: 40960, num_sdf_chunks: 30000, output_coordinate_system: 'Y-up (default)', mesh_with_features: Trimesh, bounding_boxes: dict, xpart_config: dict
  [ComfyUI] [VRAM] Before XPartGenerateParts: 1386 / 24124 MB
  [ComfyUI] [VRAM] Loaded: SubprocessModel (215 MB), SubprocessModel (209 MB)
  [ComfyUI] [SubprocessWorker] call_method: nodes.processing.XPartGenerateParts.EXECUTE_NORMALIZED
  [ComfyUI] [SubprocessWorker] acquired lock, ensuring started...
  [ComfyUI] [ComfyUI-Hunyuan3D-Part] Health check: ping (timeout=5.0s)...
  [ComfyUI] [ComfyUI-Hunyuan3D-Part] Health check: ok
  [ComfyUI] [SubprocessWorker] worker started/confirmed
  [ComfyUI] [SubprocessWorker] serializing kwargs to shm...
  [ComfyUI] [SubprocessWorker] created 1 shm blocks
  [ComfyUI] [SubprocessWorker] sending request via socket...
  [ComfyUI] [SubprocessWorker] call_id=7 sending call_method
  [ComfyUI] [worker:ComfyUI-Hunyuan3D-Part] [comfy-env] _from_shm got dict with keys: ['__type__', 'strategy', 'parent_pid', 'fd', 'storage_size']
  [ComfyUI] [worker:ComfyUI-Hunyuan3D-Part] [comfy-env] DESERIALIZE TensorRef: tensor_size=[4, 2, 3]
  [ComfyUI] [worker:ComfyUI-Hunyuan3D-Part] [comfy-env] DESERIALIZED tensor shape: torch.Size([4, 2, 3])
  [ComfyUI] [worker:ComfyUI-Hunyuan3D-Part] [X-Part Generate] Using pre-computed Sonata features (4719 points)
  Frame 14 saved (frame_013.jpg, t=193.7s)
  [capture-periodic] freeze=3ms shot=273ms unfreeze=9ms saved=True
  [capture-loop] iter=1450 t=194.8s state={'complete': False, 'error': None, 'executedCount': 2, 'wsState': 1} eval_ms=4 ram=7.8/31.2GB (25%) swap=0.4/32.0GB (1%) cpu=12% browser_rss=1.00GB
  [ComfyUI] [worker:ComfyUI-Hunyuan3D-Part] [X-Part Generate] Using 4 bounding boxes
  [ComfyUI] [worker:ComfyUI-Hunyuan3D-Part] [X-Part Models] precision=auto, dtype=torch.bfloat16, attn_backend=auto, ops=disable_weight_init
  [ComfyUI] [worker:ComfyUI-Hunyuan3D-Part] [X-Part Models] Overriding pc_size in config: 40960
  [ComfyUI] [worker:ComfyUI-Hunyuan3D-Part] [X-Part Models] Loading DiT, VAE, and Conditioner (torch.bfloat16, meta-device)...
  [ComfyUI] [worker:ComfyUI-Hunyuan3D-Part] PointCrossAttentionEncoder INFO: pc_sharpedge_size is not given, using pc_size as pc_sharpedge_size
  [ComfyUI] [worker:ComfyUI-Hunyuan3D-Part] PointCrossAttentionEncoder INFO: pc_sharpedge_size is not given, using pc_size as pc_sharpedge_size
  [ComfyUI] [worker:ComfyUI-Hunyuan3D-Part] PointCrossAttentionEncoder INFO: pc_sharpedge_size is not given, using pc_size as pc_sharpedge_size
  [ComfyUI] [worker:ComfyUI-Hunyuan3D-Part] [VRAM] +529MB (now 1063MB) reserved=1088MB peak=1080MB
  [ComfyUI] [worker:ComfyUI-Hunyuan3D-Part] flash attention: True
  [ComfyUI] [worker:ComfyUI-Hunyuan3D-Part] [lowvram] Enabled: 0 cast modules, 1 orphan-param hooks
  [ComfyUI] [worker:ComfyUI-Hunyuan3D-Part] [X-Part Models] VAE loaded
  [ComfyUI] [worker:ComfyUI-Hunyuan3D-Part] [lowvram] Enabled: 0 cast modules, 7 orphan-param hooks
  [ComfyUI] [worker:ComfyUI-Hunyuan3D-Part] [X-Part Models] DiT loaded
  [ComfyUI] [worker:ComfyUI-Hunyuan3D-Part] [VRAM] +626MB (now 1689MB) reserved=1696MB peak=1689MB
  [ComfyUI] [worker:ComfyUI-Hunyuan3D-Part] Model params: 108.46M 108461376
  [ComfyUI] [worker:ComfyUI-Hunyuan3D-Part] [lowvram] Enabled: 77 cast modules, 27 orphan-param hooks
  [ComfyUI] [worker:ComfyUI-Hunyuan3D-Part] [X-Part Models] Conditioner loaded
  [ComfyUI] [worker:ComfyUI-Hunyuan3D-Part] [X-Part Models] All models loaded in 2.59s
  [ComfyUI] [worker:ComfyUI-Hunyuan3D-Part] [X-Part Generate] Using torch.bfloat16 precision
  [ComfyUI] [worker:ComfyUI-Hunyuan3D-Part] [X-Part Generate] Running generation...
  [ComfyUI] [worker:ComfyUI-Hunyuan3D-Part]   - Octree resolution: 256
  [ComfyUI] [worker:ComfyUI-Hunyuan3D-Part]   - Inference steps: 25
  [ComfyUI] [worker:ComfyUI-Hunyuan3D-Part]   - Guidance scale: -1.0
  [ComfyUI] [worker:ComfyUI-Hunyuan3D-Part]   - Seed: 42
  [ComfyUI] [worker:ComfyUI-Hunyuan3D-Part] [X-Part] DEBUG: Config values from vae.encoder - pc_size=40960, pc_sharpedge_size=0, total=40960
  [ComfyUI] [worker:ComfyUI-Hunyuan3D-Part] [X-Part] DEBUG: obj_encoder.encoder.pc_size = 40960
  [ComfyUI] [worker:ComfyUI-Hunyuan3D-Part] [X-Part] DEBUG: geo_encoder local_encoder.encoder.pc_size = 40960
  [capture-loop] iter=1500 t=200.8s state={'complete': False, 'error': None, 'executedCount': 2, 'wsState': 1} eval_ms=8 ram=7.8/31.2GB (25%) swap=0.4/32.0GB (1%) cpu=10% browser_rss=0.99GB
  [ComfyUI] [worker:ComfyUI-Hunyuan3D-Part] Normalize mesh: [0.62423849 0.09375858 4.28576375], 10.98516047000885
  [ComfyUI] [worker:ComfyUI-Hunyuan3D-Part] [X-Part] DEBUG: Loading object surface with 40960 total points
  [ComfyUI] [worker:ComfyUI-Hunyuan3D-Part] [X-Part] DEBUG: Object surface loaded, shape=torch.Size([1, 40960, 7]) (expected: [1, 40960, 7])
  [ComfyUI] [worker:ComfyUI-Hunyuan3D-Part] [X-Part Check DEBUG] Normalized AABB (mesh in ~[-0.8,0.8]): torch.Size([4, 2, 3])
  [ComfyUI] [worker:ComfyUI-Hunyuan3D-Part]   Part 0: min=[0.4182470738887787, -0.13370387256145477, -0.2400808036327362], max=[0.8022878170013428, 0.13370230793952942, 0.22716884315013885]
  [ComfyUI] [worker:ComfyUI-Hunyuan3D-Part]   Part 1: min=[-0.5717247724533081, -0.49783146381378174, -0.39014118909835815], max=[0.43247082829475403, 0.4978298842906952, 0.23001359403133392]
  [ComfyUI] [worker:ComfyUI-Hunyuan3D-Part]   Part 2: min=[-0.39961758255958557, -0.3214571475982666, 0.20725561678409576], max=[0.29165586829185486, 0.32145559787750244, 0.38931939005851746]
  [ComfyUI] [worker:ComfyUI-Hunyuan3D-Part]   Part 3: min=[-0.8021492958068848, -0.06791910529136658, -0.2379472404718399], max=[-0.4380216598510742, 0.05760533735156059, 0.17311865091323853]
  [ComfyUI] [worker:ComfyUI-Hunyuan3D-Part] [X-Part] DEBUG: Sampling bbox points with num_points=40960
  [ComfyUI] /workspaces/Hunyuan3D-Part-1836/ComfyUI/custom_nodes/ComfyUI-Hunyuan3D-Part/nodes/processing.py:1016: UserWarning: Creating a tensor from a list of numpy.ndarrays is extremely slow. Please consider converting the list to a single numpy.ndarray with numpy.array() before converting to a tensor. (Triggered internally at /pytorch/torch/csrc/utils/tensor_new.cpp:253.)
  [ComfyUI]   num_tokens = torch.tensor(
  [ComfyUI] [worker:ComfyUI-Hunyuan3D-Part] [X-Part Generate] Stage 1: Conditioning
  [ComfyUI] [worker:ComfyUI-Hunyuan3D-Part] [VRAM] before conditioner load: allocated=1.66GB, reserved=1.69GB, total=23.56GB
  [ComfyUI] [SubprocessWorker] callback 'request_vram_budget' from call_id=7
  [ComfyUI] [comfy-env] VRAM request: 1.76GB, free before eviction: 22.53GB
  [ComfyUI] [comfy-env] VRAM after eviction: 22.53GB
  [ComfyUI] [worker:ComfyUI-Hunyuan3D-Part] [VRAM] +338MB (now 2027MB) reserved=2048MB peak=2027MB
  [ComfyUI] [worker:ComfyUI-Hunyuan3D-Part] [VRAM] after conditioner load: allocated=2.07GB, reserved=2.09GB, total=23.56GB
  [ComfyUI] [worker:ComfyUI-Hunyuan3D-Part] [VRAM] +2881MB (now 4909MB) reserved=4960MB peak=4909MB
  [capture-loop] iter=1550 t=207.1s state={'complete': False, 'error': None, 'executedCount': 2, 'wsState': 1} eval_ms=8 ram=7.8/31.2GB (25%) swap=0.4/32.0GB (1%) cpu=10% browser_rss=0.99GB
  [ComfyUI] [worker:ComfyUI-Hunyuan3D-Part] [VRAM] -304MB (now 4605MB) reserved=4960MB peak=4909MB
  [ComfyUI] [worker:ComfyUI-Hunyuan3D-Part] [X-Part] DEBUG: Clamped input_random_pc_size from 81920 to 40960 (available: 40960)
  [ComfyUI] [worker:ComfyUI-Hunyuan3D-Part] [VRAM] -2438MB (now 2168MB) reserved=5120MB peak=4909MB
  [ComfyUI] [worker:ComfyUI-Hunyuan3D-Part] [Conditioner] Using precomputed Sonata features (4719 -> 40960 points)
  [ComfyUI] [worker:ComfyUI-Hunyuan3D-Part] [VRAM] after conditioning: allocated=2.11GB, reserved=5.00GB, total=23.56GB
  [ComfyUI] [worker:ComfyUI-Hunyuan3D-Part] [X-Part Generate] Stage 2: Diffusion (25 steps)
  [ComfyUI] [SubprocessWorker] callback 'request_vram_budget' from call_id=7
  [ComfyUI] [comfy-env] VRAM request: 6.63GB, free before eviction: 18.98GB
  [ComfyUI] [comfy-env] VRAM after eviction: 18.98GB
  [ComfyUI] [worker:ComfyUI-Hunyuan3D-Part] [VRAM] +2293MB (now 4461MB) reserved=4512MB peak=4909MB
  [ComfyUI] [worker:ComfyUI-Hunyuan3D-Part] [VRAM] +4018MB (now 8479MB) reserved=8512MB peak=8479MB
  [ComfyUI] [worker:ComfyUI-Hunyuan3D-Part] [VRAM] after DiT load: allocated=8.28GB, reserved=8.31GB, total=23.56GB
  [ComfyUI] [worker:ComfyUI-Hunyuan3D-Part] [VRAM] +504MB (now 8983MB) reserved=9088MB peak=8983MB
  [capture-loop] iter=1600 t=213.6s state={'complete': False, 'error': None, 'executedCount': 2, 'wsState': 1} eval_ms=14 ram=7.9/31.2GB (25%) swap=0.4/32.0GB (1%) cpu=10% browser_rss=0.99GB
  [ComfyUI] [worker:ComfyUI-Hunyuan3D-Part] [VRAM] -280MB (now 8703MB) reserved=9344MB peak=8983MB
  [ComfyUI] [SubprocessWorker] callback 'report_progress' from call_id=7
  [ComfyUI] [SubprocessWorker] callback 'report_progress' from call_id=7
  [ComfyUI] [SubprocessWorker] callback 'report_progress' from call_id=7
  [ComfyUI] [worker:ComfyUI-Hunyuan3D-Part] [VRAM] +319MB (now 9023MB) reserved=9344MB peak=9023MB
  Frame 15 saved (frame_014.jpg, t=215.0s)
  [capture-periodic] freeze=16ms shot=285ms unfreeze=16ms saved=True
  [ComfyUI] [SubprocessWorker] callback 'report_progress' from call_id=7
  [ComfyUI] [SubprocessWorker] callback 'report_progress' from call_id=7
  [ComfyUI] [worker:ComfyUI-Hunyuan3D-Part] [VRAM] -465MB (now 8559MB) reserved=9344MB peak=9023MB
  [ComfyUI] [SubprocessWorker] callback 'report_progress' from call_id=7
  [ComfyUI] [SubprocessWorker] callback 'report_progress' from call_id=7
  [ComfyUI] [worker:ComfyUI-Hunyuan3D-Part] [VRAM] +312MB (now 8871MB) reserved=9408MB peak=9023MB
  Frame 16 saved (frame_015.jpg, t=217.4s)
  [capture-periodic] freeze=17ms shot=283ms unfreeze=3ms saved=True
  [ComfyUI] [SubprocessWorker] callback 'report_progress' from call_id=7
  [ComfyUI] [SubprocessWorker] callback 'report_progress' from call_id=7
  [ComfyUI] [worker:ComfyUI-Hunyuan3D-Part] [VRAM] -233MB (now 8639MB) reserved=9408MB peak=9023MB
  [ComfyUI] [SubprocessWorker] callback 'report_progress' from call_id=7
  [ComfyUI] [SubprocessWorker] callback 'report_progress' from call_id=7
  [ComfyUI] [worker:ComfyUI-Hunyuan3D-Part] [VRAM] +376MB (now 9015MB) reserved=9408MB peak=9023MB
  [ComfyUI] [SubprocessWorker] callback 'report_progress' from call_id=7
  Frame 17 saved (frame_016.jpg, t=219.8s)
  [capture-periodic] freeze=3ms shot=267ms unfreeze=7ms saved=True
  [capture-loop] iter=1650 t=220.4s state={'complete': False, 'error': None, 'executedCount': 2, 'wsState': 1} eval_ms=4 ram=7.7/31.2GB (25%) swap=0.4/32.0GB (1%) cpu=11% browser_rss=1.00GB
  [ComfyUI] [SubprocessWorker] callback 'report_progress' from call_id=7
  [ComfyUI] [worker:ComfyUI-Hunyuan3D-Part] [VRAM] -268MB (now 8748MB) reserved=9408MB peak=9023MB
  [ComfyUI] [SubprocessWorker] callback 'report_progress' from call_id=7
  [ComfyUI] [SubprocessWorker] callback 'report_progress' from call_id=7
  [ComfyUI] [SubprocessWorker] callback 'report_progress' from call_id=7
  Frame 18 saved (frame_017.jpg, t=222.2s)
  [capture-periodic] freeze=17ms shot=269ms unfreeze=7ms saved=True
  [ComfyUI] [SubprocessWorker] callback 'report_progress' from call_id=7
  [ComfyUI] [worker:ComfyUI-Hunyuan3D-Part] [VRAM] +227MB (now 8975MB) reserved=9408MB peak=9047MB
  [ComfyUI] [SubprocessWorker] callback 'report_progress' from call_id=7
  [ComfyUI] [SubprocessWorker] callback 'report_progress' from call_id=7
  [ComfyUI] [worker:ComfyUI-Hunyuan3D-Part] [VRAM] -256MB (now 8719MB) reserved=9408MB peak=9047MB
  [ComfyUI] [SubprocessWorker] callback 'report_progress' from call_id=7
  [ComfyUI] [SubprocessWorker] callback 'report_progress' from call_id=7
  Frame 19 saved (frame_018.jpg, t=224.6s)
  [capture-periodic] freeze=4ms shot=266ms unfreeze=16ms saved=True
  [ComfyUI] [SubprocessWorker] callback 'report_progress' from call_id=7
  [ComfyUI] [SubprocessWorker] callback 'report_progress' from call_id=7
  [ComfyUI] [SubprocessWorker] callback 'report_progress' from call_id=7
  [capture-loop] iter=1700 t=226.8s state={'complete': False, 'error': None, 'executedCount': 2, 'wsState': 1} eval_ms=4 ram=7.7/31.2GB (25%) swap=0.4/32.0GB (1%) cpu=11% browser_rss=1.01GB
  [ComfyUI] [SubprocessWorker] callback 'report_progress' from call_id=7
  [ComfyUI] [worker:ComfyUI-Hunyuan3D-Part] [VRAM] after diffusion: allocated=8.23GB, reserved=9.19GB, total=23.56GB
  [ComfyUI] [worker:ComfyUI-Hunyuan3D-Part] [X-Part Generate] Stage 3: VAE decode (4 parts)
  [ComfyUI] [SubprocessWorker] callback 'request_vram_budget' from call_id=7
  [ComfyUI] [comfy-env] VRAM request: 0.66GB, free before eviction: 14.48GB
  [ComfyUI] [comfy-env] VRAM after eviction: 14.48GB
  [ComfyUI] [worker:ComfyUI-Hunyuan3D-Part] [VRAM] -288MB (now 8431MB) reserved=8480MB peak=9047MB
  [ComfyUI] [worker:ComfyUI-Hunyuan3D-Part] [VRAM] after VAE load: allocated=8.84GB, reserved=8.88GB, total=23.56GB
  [ComfyUI] [worker:ComfyUI-Hunyuan3D-Part] [VAE decode] Part 0/4 — alloc=8.84GB, reserved=8.88GB, chunks=30000
  [ComfyUI] [worker:ComfyUI-Hunyuan3D-Part] [X-Part Export DEBUG] pre-vae latent: shape=torch.Size([1, 1024, 64]), min=-3.1875, max=3.2969, mean=-0.0096, std=0.9375, scale_factor=1.0039506158752403
  [ComfyUI] [worker:ComfyUI-Hunyuan3D-Part] [X-Part Export DEBUG] post-vae latent: shape=torch.Size([1, 1024, 1024]), min=-260.0000, max=328.0000, mean=0.0017, std=4.5312
  Frame 20 saved (frame_019.jpg, t=227.0s)
  [capture-periodic] freeze=16ms shot=261ms unfreeze=7ms saved=True
  [ComfyUI] [worker:ComfyUI-Hunyuan3D-Part] VAE Trained with Occupancy, inference with marching cubes level -0.001953125.
  [ComfyUI] [SubprocessWorker] callback 'report_progress' from call_id=7
  [ComfyUI] [SubprocessWorker] callback 'report_progress' from call_id=7
  [ComfyUI] [SubprocessWorker] callback 'report_progress' from call_id=7
  [ComfyUI] [SubprocessWorker] callback 'report_progress' from call_id=7
  [ComfyUI] [SubprocessWorker] callback 'report_progress' from call_id=7
  [ComfyUI] [SubprocessWorker] callback 'report_progress' from call_id=7
  [ComfyUI] [worker:ComfyUI-Hunyuan3D-Part] [VRAM] +1287MB (now 9719MB) reserved=9920MB peak=9719MB
  [ComfyUI] [worker:ComfyUI-Hunyuan3D-Part] [VRAM] -453MB (now 9267MB) reserved=9920MB peak=9719MB
  [ComfyUI] [SubprocessWorker] callback 'report_progress' from call_id=7
  [ComfyUI] [worker:ComfyUI-Hunyuan3D-Part] [MC DEBUG] Initial grid_logits: shape=torch.Size([1, 129, 129, 129]), min=-1.0156, max=1.0156, mean=-0.9976, frac_below_threshold=0.9987 (mc_level=-0.001953125)
  [ComfyUI] /workspaces/Hunyuan3D-Part-1836/ComfyUI/custom_nodes/ComfyUI-Hunyuan3D-Part/nodes/geometry_utils.py:478: UserWarning: Using a non-tuple sequence for multidimensional indexing is deprecated and will be changed in pytorch 2.9; use x[tuple(seq)] instead of x[seq]. In pytorch 2.9 this will be interpreted as tensor index, x[torch.tensor(seq)], which will result either in an error or a different result (Triggered internally at /pytorch/torch/csrc/autograd/python_variable_indexing.cpp:347.)
  [ComfyUI]   sliced = padded[slice_dims]
  [ComfyUI] [SubprocessWorker] callback 'report_progress' from call_id=7
  [ComfyUI] [SubprocessWorker] callback 'report_progress' from call_id=7
  [ComfyUI] [worker:ComfyUI-Hunyuan3D-Part] [VAE decode] Part 0 done — alloc=8.84GB, reserved=8.88GB (cache cleared)
  [ComfyUI] [SubprocessWorker] callback 'report_progress' from call_id=7
  [ComfyUI] [worker:ComfyUI-Hunyuan3D-Part] [VAE decode] Part 1/4 — alloc=8.84GB, reserved=8.88GB, chunks=30000
  [ComfyUI] [worker:ComfyUI-Hunyuan3D-Part] [X-Part Export DEBUG] pre-vae latent: shape=torch.Size([1, 1024, 64]), min=-3.5312, max=3.9375, mean=-0.0021, std=0.9453, scale_factor=1.0039506158752403
  [ComfyUI] [worker:ComfyUI-Hunyuan3D-Part] [X-Part Export DEBUG] post-vae latent: shape=torch.Size([1, 1024, 1024]), min=-244.0000, max=316.0000, mean=-0.0162, std=4.2812
  [ComfyUI] [worker:ComfyUI-Hunyuan3D-Part] VAE Trained with Occupancy, inference with marching cubes level -0.001953125.
  [ComfyUI] [SubprocessWorker] callback 'report_progress' from call_id=7
  [ComfyUI] [SubprocessWorker] callback 'report_progress' from call_id=7
  Frame 21 saved (frame_020.jpg, t=229.5s)
  [capture-periodic] freeze=23ms shot=269ms unfreeze=9ms saved=True
  [ComfyUI] [SubprocessWorker] callback 'report_progress' from call_id=7
  [ComfyUI] [SubprocessWorker] callback 'report_progress' from call_id=7
  [ComfyUI] [SubprocessWorker] callback 'report_progress' from call_id=7
  [ComfyUI] [SubprocessWorker] callback 'report_progress' from call_id=7
  [ComfyUI] [SubprocessWorker] callback 'report_progress' from call_id=7
  [ComfyUI] [worker:ComfyUI-Hunyuan3D-Part] [MC DEBUG] Initial grid_logits: shape=torch.Size([1, 129, 129, 129]), min=-1.0312, max=1.0312, mean=-0.9893, frac_below_threshold=0.9946 (mc_level=-0.001953125)
  [ComfyUI] [SubprocessWorker] callback 'report_progress' from call_id=7
  [ComfyUI] [SubprocessWorker] callback 'report_progress' from call_id=7
  [ComfyUI] [worker:ComfyUI-Hunyuan3D-Part] [VRAM] -209MB (now 9059MB) reserved=10016MB peak=9719MB
  [ComfyUI] [worker:ComfyUI-Hunyuan3D-Part] [VAE decode] Part 1 done — alloc=8.84GB, reserved=8.88GB (cache cleared)
  [ComfyUI] [SubprocessWorker] callback 'report_progress' from call_id=7
  [ComfyUI] [worker:ComfyUI-Hunyuan3D-Part] [VAE decode] Part 2/4 — alloc=8.84GB, reserved=8.88GB, chunks=30000
  [ComfyUI] [worker:ComfyUI-Hunyuan3D-Part] [X-Part Export DEBUG] pre-vae latent: shape=torch.Size([1, 1024, 64]), min=-3.3438, max=3.4219, mean=0.0298, std=0.9414, scale_factor=1.0039506158752403
  [ComfyUI] [worker:ComfyUI-Hunyuan3D-Part] [X-Part Export DEBUG] post-vae latent: shape=torch.Size([1, 1024, 1024]), min=-249.0000, max=322.0000, mean=0.0106, std=4.4688
  [ComfyUI] [worker:ComfyUI-Hunyuan3D-Part] VAE Trained with Occupancy, inference with marching cubes level -0.001953125.
  [ComfyUI] [SubprocessWorker] callback 'report_progress' from call_id=7
  [ComfyUI] [SubprocessWorker] callback 'report_progress' from call_id=7
  [ComfyUI] [SubprocessWorker] callback 'report_progress' from call_id=7
  [ComfyUI] [SubprocessWorker] callback 'report_progress' from call_id=7
  [ComfyUI] [SubprocessWorker] callback 'report_progress' from call_id=7
  [ComfyUI] [SubprocessWorker] callback 'report_progress' from call_id=7
  [ComfyUI] [SubprocessWorker] callback 'report_progress' from call_id=7
  Frame 22 saved (frame_021.jpg, t=231.9s)
  [capture-periodic] freeze=17ms shot=315ms unfreeze=11ms saved=True
  [ComfyUI] [worker:ComfyUI-Hunyuan3D-Part] [MC DEBUG] Initial grid_logits: shape=torch.Size([1, 129, 129, 129]), min=-1.0234, max=1.0078, mean=-0.9985, frac_below_threshold=0.9993 (mc_level=-0.001953125)
  [ComfyUI] /workspaces/Hunyuan3D-Part-1836/ComfyUI/custom_nodes/ComfyUI-Hunyuan3D-Part/nodes/geometry_utils.py:478: UserWarning: Using a non-tuple sequence for multidimensional indexing is deprecated and will be changed in pytorch 2.9; use x[tuple(seq)] instead of x[seq]. In pytorch 2.9 this will be interpreted as tensor index, x[torch.tensor(seq)], which will result either in an error or a different result (Triggered internally at /pytorch/torch/csrc/autograd/python_variable_indexing.cpp:347.)
  [ComfyUI]   sliced = padded[slice_dims]
  [ComfyUI] [SubprocessWorker] callback 'report_progress' from call_id=7
  [ComfyUI] [SubprocessWorker] callback 'report_progress' from call_id=7
  [ComfyUI] [worker:ComfyUI-Hunyuan3D-Part] [VAE decode] Part 2 done — alloc=8.84GB, reserved=8.88GB (cache cleared)
  [ComfyUI] [SubprocessWorker] callback 'report_progress' from call_id=7
  [ComfyUI] [worker:ComfyUI-Hunyuan3D-Part] [VAE decode] Part 3/4 — alloc=8.84GB, reserved=8.88GB, chunks=30000
  [ComfyUI] [worker:ComfyUI-Hunyuan3D-Part] [X-Part Export DEBUG] pre-vae latent: shape=torch.Size([1, 1024, 64]), min=-3.4688, max=3.2344, mean=0.0121, std=0.9375, scale_factor=1.0039506158752403
  [ComfyUI] [worker:ComfyUI-Hunyuan3D-Part] [X-Part Export DEBUG] post-vae latent: shape=torch.Size([1, 1024, 1024]), min=-250.0000, max=320.0000, mean=0.0083, std=4.4688
  [ComfyUI] [worker:ComfyUI-Hunyuan3D-Part] VAE Trained with Occupancy, inference with marching cubes level -0.001953125.
  [ComfyUI] [SubprocessWorker] callback 'report_progress' from call_id=7
  [ComfyUI] [SubprocessWorker] callback 'report_progress' from call_id=7
  [ComfyUI] [worker:ComfyUI-Hunyuan3D-Part] [VRAM] +293MB (now 9352MB) reserved=9920MB peak=9719MB
  [ComfyUI] [SubprocessWorker] callback 'report_progress' from call_id=7
  [ComfyUI] [SubprocessWorker] callback 'report_progress' from call_id=7
  [ComfyUI] [SubprocessWorker] callback 'report_progress' from call_id=7
  [ComfyUI] [SubprocessWorker] callback 'report_progress' from call_id=7
  [ComfyUI] [SubprocessWorker] callback 'report_progress' from call_id=7
  [capture-loop] iter=1750 t=233.7s state={'complete': False, 'error': None, 'executedCount': 2, 'wsState': 1} eval_ms=7 ram=7.8/31.2GB (25%) swap=0.4/32.0GB (1%) cpu=11% browser_rss=1.02GB
  [ComfyUI] [worker:ComfyUI-Hunyuan3D-Part] [MC DEBUG] Initial grid_logits: shape=torch.Size([1, 129, 129, 129]), min=-1.0156, max=1.0156, mean=-0.9976, frac_below_threshold=0.9989 (mc_level=-0.001953125)
  [ComfyUI] [SubprocessWorker] callback 'report_progress' from call_id=7
  [ComfyUI] [SubprocessWorker] callback 'report_progress' from call_id=7
  [ComfyUI] [worker:ComfyUI-Hunyuan3D-Part] [VRAM] -209MB (now 9143MB) reserved=10016MB peak=9719MB
  [ComfyUI] [worker:ComfyUI-Hunyuan3D-Part] [VAE decode] Part 3 done — alloc=8.84GB, reserved=8.88GB (cache cleared)
  [ComfyUI] [SubprocessWorker] callback 'report_progress' from call_id=7
  [ComfyUI] [worker:ComfyUI-Hunyuan3D-Part] Denormalize mesh: [0.62423849 0.09375858 4.28576375], 10.98516047000885
  [ComfyUI] [worker:ComfyUI-Hunyuan3D-Part] [EXPLODE_MESH] Starting mesh explosion with scale 0.2
  [ComfyUI] [worker:ComfyUI-Hunyuan3D-Part] [EXPLODE_MESH] Processing 4 parts
  [ComfyUI] [worker:ComfyUI-Hunyuan3D-Part] [EXPLODE_MESH] Part tmpt_i3gbx9.ply: center = [6.20776369 0.09082519 3.83912689]
  [ComfyUI] [worker:ComfyUI-Hunyuan3D-Part] [EXPLODE_MESH] Part tmp1ujn99kj.ply: center = [0.03397271 0.09649939 3.00193254]
  [ComfyUI] [worker:ComfyUI-Hunyuan3D-Part] [EXPLODE_MESH] Part tmpi0me6g_v.ply: center = [0.03055399 0.11734142 6.97767687]
  [ComfyUI] [worker:ComfyUI-Hunyuan3D-Part] [EXPLODE_MESH] Part tmpj71mf1m0.ply: center = [-4.83325926  0.08916124  3.81934096]
  [ComfyUI] [worker:ComfyUI-Hunyuan3D-Part] [EXPLODE_MESH] Global center: [0.35975778 0.09845681 4.40951931]
  [ComfyUI] [worker:ComfyUI-Hunyuan3D-Part] [EXPLODE_MESH] Part tmpt_i3gbx9.ply: moved by 0.2000
  [ComfyUI] [worker:ComfyUI-Hunyuan3D-Part] [EXPLODE_MESH] Part tmp1ujn99kj.ply: moved by 0.2000
  [ComfyUI] [worker:ComfyUI-Hunyuan3D-Part] [EXPLODE_MESH] Part tmpi0me6g_v.ply: moved by 0.2000
  [ComfyUI] [worker:ComfyUI-Hunyuan3D-Part] [EXPLODE_MESH] Part tmpj71mf1m0.ply: moved by 0.2000
  [ComfyUI] [worker:ComfyUI-Hunyuan3D-Part] [EXPLODE_MESH] Mesh explosion complete
  [ComfyUI] [worker:ComfyUI-Hunyuan3D-Part] [VRAM] after VAE decode: allocated=8.84GB, reserved=8.88GB, total=23.56GB
  [ComfyUI] [worker:ComfyUI-Hunyuan3D-Part] [X-Part Generate] Generation complete! 4 parts
  [ComfyUI] [worker:ComfyUI-Hunyuan3D-Part] [X-Part Generate] Saved parts to: /workspaces/Hunyuan3D-Part-1836/ComfyUI/output/xpart_parts_42.glb
  [ComfyUI] [worker:ComfyUI-Hunyuan3D-Part] [X-Part Generate] Saved bbox viz to: /workspaces/Hunyuan3D-Part-1836/ComfyUI/output/xpart_bbox_42.glb
  [ComfyUI] [worker:ComfyUI-Hunyuan3D-Part] [X-Part Generate] Saved exploded view to: /workspaces/Hunyuan3D-Part-1836/ComfyUI/output/xpart_exploded_42.glb
  Frame 23 saved (frame_022.jpg, t=234.3s)
  [capture-periodic] freeze=4ms shot=271ms unfreeze=11ms saved=True
  [ComfyUI] [SubprocessWorker] got response: ok
  [ComfyUI] [comfy-env] Created 3 model patchers: ['Conditioner_3', 'PartFormerDITPlain_4', 'VolumeDecoderShapeVAE_5']
  [ComfyUI] [comfy-env] XPartGenerateParts done (42.19s): result: NodeOutput
  [ComfyUI] [VRAM] After XPartGenerateParts: 10000 / 24124 MB
  [ComfyUI] [VRAM] Loaded: SubprocessModel (625 MB), SubprocessModel (6323 MB), SubprocessModel (1674 MB), SubprocessModel (215 MB), SubprocessModel (209 MB)
  [ComfyUI] [comfy-env] Running ExplodedMeshViewer: part_meshes: list[4]
  [ComfyUI] [VRAM] Before ExplodedMeshViewer: 10000 / 24124 MB
  [ComfyUI] [VRAM] Loaded: SubprocessModel (625 MB), SubprocessModel (6323 MB), SubprocessModel (1674 MB), SubprocessModel (215 MB), SubprocessModel (209 MB)
  [ComfyUI] [SubprocessWorker] call_method: nodes.exploded_viewer.ExplodedMeshViewer.EXECUTE_NORMALIZED
  [ComfyUI] [SubprocessWorker] acquired lock, ensuring started...
  [ComfyUI] [ComfyUI-Hunyuan3D-Part] Health check: ping (timeout=5.0s)...
  [ComfyUI] [ComfyUI-Hunyuan3D-Part] Health check: ok
  [ComfyUI] [SubprocessWorker] worker started/confirmed
  [ComfyUI] [SubprocessWorker] serializing kwargs to shm...
  [ComfyUI] [SubprocessWorker] created 4 shm blocks
  [ComfyUI] [SubprocessWorker] sending request via socket...
  [ComfyUI] [SubprocessWorker] call_id=8 sending call_method
  [ComfyUI] [worker:ComfyUI-Hunyuan3D-Part] [ExplodedViewer] Processing list of 4 parts
  Node executed (3 total), capturing...
  [ComfyUI] [worker:ComfyUI-Hunyuan3D-Part] [ExplodedViewer] Exported to: /workspaces/Hunyuan3D-Part-1836/ComfyUI/output/exploded_view_c5e6d34c.glb
  [ComfyUI] [worker:ComfyUI-Hunyuan3D-Part] [ExplodedViewer] Created scene with 4 parts
  [ComfyUI] [SubprocessWorker] got response: ok
  [ComfyUI] [comfy-env] ExplodedMeshViewer done (0.42s): result: NodeOutput
  [ComfyUI] [VRAM] After ExplodedMeshViewer: 10000 / 24124 MB
  [ComfyUI] [VRAM] Loaded: SubprocessModel (625 MB), SubprocessModel (6323 MB), SubprocessModel (1674 MB), SubprocessModel (215 MB), SubprocessModel (209 MB)
  [ComfyUI] Prompt executed in 234.66 seconds
  Frame 24 saved (frame_023.jpg, t=235.2s)
  [capture-node] freeze=459ms shot=943ms unfreeze=3ms saved=True
  Node executed (4 total), capturing...
  Frame 25 saved (frame_024.jpg, t=237.0s)
  [capture-node] freeze=45ms shot=364ms unfreeze=0ms saved=True
  Execution complete (t=237.0s)
  [3d-wait] Phase 1: Waiting for 'Loading 3D Model' text to disappear...
  [3d-wait] Phase 1 exception after 60.0s: Page.wait_for_function: Timeout 60000ms exceeded.
  [3d-wait] Phase 2: iframes=3
  [3d-wait] iframe viewer_ready=True (matched 2 console logs)
  [3d-wait] Unfrozen in 0.004s, rendering for 5s...
  [3d-wait] JS halted via CDP after 5.1s
  [3d-wait] Re-frozen in 6.1s
  [3d-wait] Total 3D wait: 66.1s
  Captured 25 unique frames over 303.6s
  [debug] iframes: 3
  [debug]   iframe[0]: src=http://127.0.0.1:41897/extensions/ComfyUI-GeometryPack/viewer_vtk.html?v=1778179, canvas=486x310, rafFrozen=True
  [debug]   iframe[1]: src=http://127.0.0.1:41897/extensions/ComfyUI-GeometryPack/viewer_vtk.html?v=1778179, canvas=486x310, rafFrozen=True
  [debug]   iframe[2]: src=http://127.0.0.1:41897/extensions/ComfyUI-Hunyuan3D-Part/exploded_viewer.html?v=, canvas=574x574, rafFrozen=True
  [timing] trigger_3d_previews: 0.0s
  Saved high-quality screenshot: H3DPART-segment-partgen_executed.png
  [timing] final_screenshot: 0.6s
    Captured 26 video frames