Capturing execution frames: H3DPART-segment.json
  [ComfyUI] [comfy-env] [VRAM] Before offload 'SonataEncoder_1' (209 MB) -> cpu: 10000 / 24124 MB
  [ComfyUI] [ComfyUI-Hunyuan3D-Part] Health check: ping (timeout=5.0s)...
  [ComfyUI] [ComfyUI-Hunyuan3D-Part] python: /workspaces/Hunyuan3D-Part-1836/ComfyUI/.ce/.pixi/envs/hunyuan3dpart-nodes/bin/python
  [ComfyUI] [ComfyUI-Hunyuan3D-Part] sys_path sent to worker: ['/workspaces/Hunyuan3D-Part-1836/ComfyUI', '/workspaces/Hunyuan3D-Part-1836/ComfyUI/custom_nodes/ComfyUI-Hunyuan3D-Part', '/workspaces/Hunyuan3D-Part-1836/ComfyUI/.ce/.pixi/envs/hunyuan3dpart-nodes/lib/python3.1/site-packages', '/workspaces/Hunyuan3D-Part-1836/ComfyUI/custom_nodes/ComfyUI-Hunyuan3D-Part']
  [ComfyUI] [ComfyUI-Hunyuan3D-Part] Health check: failed
  [ComfyUI] [ComfyUI-Hunyuan3D-Part] Socket unhealthy, restarting worker...
  [ComfyUI] [SubprocessWorker] is_pixi=True, python=/workspaces/Hunyuan3D-Part-1836/ComfyUI/.ce/.pixi/envs/hunyuan3dpart-nodes/bin/python
  [ComfyUI] [comfy-env] Invalidated 5 stale model patchers (will be cleaned up during next unload)
  [ComfyUI] [SubprocessWorker] launching cmd=['/root/.pixi/bin/pixi', 'run', '--as-is', '--manifest-path', '/workspaces/Hunyuan3D-Part-1836/ComfyUI/.ce/pixi.toml', '-e', 'hunyuan3dpart-nodes', 'python', '/tmp/comfyui_pvenv_1fy0x40v/persistent_worker.py', 'abstract://comfy_worker_9906c1411be5']...
  [ComfyUI] [SubprocessWorker] socket_addr=abstract://comfy_worker_9906c1411be5 (abstract, no filesystem path)
  [ComfyUI] [worker:ComfyUI-Hunyuan3D-Part] WARNING: WARNING: You need pytorch with cu130 or higher to use optimized CUDA operations.
  [ComfyUI] [SubprocessWorker] call_id=9 sending model_to_device
  [ComfyUI] Model 'SonataEncoder_1' gone from worker (restarted?), treating as offloaded
  [ComfyUI] [comfy-env] [VRAM] After offload 'SonataEncoder_1' (209 MB): 824 / 24124 MB
  [ComfyUI] [comfy-env] [VRAM] Before offload 'MultiHeadSegment_2' (215 MB) -> cpu: 824 / 24124 MB
  [ComfyUI] [ComfyUI-Hunyuan3D-Part] Health check: ping (timeout=5.0s)...
  [ComfyUI] [ComfyUI-Hunyuan3D-Part] Health check: ok
  [ComfyUI] [SubprocessWorker] call_id=10 sending model_to_device
  [ComfyUI] Model 'MultiHeadSegment_2' gone from worker (restarted?), treating as offloaded
  [ComfyUI] [comfy-env] [VRAM] After offload 'MultiHeadSegment_2' (215 MB): 824 / 24124 MB
  [ComfyUI] [comfy-env] [VRAM] Before offload 'VolumeDecoderShapeVAE_5' (625 MB) -> cpu: 824 / 24124 MB
  [ComfyUI] [ComfyUI-Hunyuan3D-Part] Health check: ping (timeout=5.0s)...
  [ComfyUI] [ComfyUI-Hunyuan3D-Part] Health check: ok
  [ComfyUI] [SubprocessWorker] call_id=11 sending model_to_device
  [ComfyUI] Model 'VolumeDecoderShapeVAE_5' gone from worker (restarted?), treating as offloaded
  [ComfyUI] [comfy-env] [VRAM] After offload 'VolumeDecoderShapeVAE_5' (625 MB): 824 / 24124 MB
  [ComfyUI] [comfy-env] [VRAM] Before offload 'Conditioner_3' (1674 MB) -> cpu: 824 / 24124 MB
  [ComfyUI] [ComfyUI-Hunyuan3D-Part] Health check: ping (timeout=5.0s)...
  [ComfyUI] [ComfyUI-Hunyuan3D-Part] Health check: ok
  [ComfyUI] [SubprocessWorker] call_id=12 sending model_to_device
  [ComfyUI] Model 'Conditioner_3' gone from worker (restarted?), treating as offloaded
  [ComfyUI] [comfy-env] [VRAM] After offload 'Conditioner_3' (1674 MB): 824 / 24124 MB
  [ComfyUI] [comfy-env] [VRAM] Before offload 'PartFormerDITPlain_4' (6323 MB) -> cpu: 824 / 24124 MB
  [ComfyUI] [ComfyUI-Hunyuan3D-Part] Health check: ping (timeout=5.0s)...
  [ComfyUI] [ComfyUI-Hunyuan3D-Part] Health check: ok
  [ComfyUI] [SubprocessWorker] call_id=13 sending model_to_device
  [ComfyUI] Model 'PartFormerDITPlain_4' gone from worker (restarted?), treating as offloaded
  [ComfyUI] [comfy-env] [VRAM] After offload 'PartFormerDITPlain_4' (6323 MB): 824 / 24124 MB
  Frame 1 saved (frame_000.jpg, t=0.0s)
  Validating workflow...
  [ComfyUI] === /validate endpoint called ===
  Queuing workflow for execution...
  [ComfyUI] Received JSON with keys: ['prompt']
  [ComfyUI] Prompt has 8 nodes
  [ComfyUI]   Node 20: Hunyuan3DPreviewBoundingBoxes
  [ComfyUI]     Inputs: {"line_width": 2, "preview_bbox": "", "trimesh": ["32", 0], "bboxes": ["32", 1]}
  [ComfyUI]   Node 27: LoadP3SAMSegmentor
  [ComfyUI]     Inputs: {"precision": "auto", "attn_backend": "auto"}
  [ComfyUI]   Node 31: ComputeMeshFeatures
  [ComfyUI]     Inputs: {"all_points": false, "point_num": 100000, "seed": 42, "mesh": ["33", 0], "sonata_config": ["35", 0]}
  [ComfyUI]   Node 32: P3SAMSegmentMesh
  [ComfyUI]     Inputs: {"prompt_num": 400, "threshold": 0.95, "post_process": true, "batch_size": 1, "mesh_with_features": ["31", 0], "p3sam_config": ["27", 0]}
  [ComfyUI]   Node 33: GeomPackLoadMesh
  [ComfyUI]     Inputs: {"file_path": "3d/utah_teapot.stl"}
  [ComfyUI]   Node 35: LoadSonataEncoder
  [ComfyUI]     Inputs: {"precision": "auto", "attn_backend": "auto"}
  [ComfyUI]   Node 37: GeomPackPreviewMeshVTK
  [ComfyUI]     Inputs: {"mode": "fields", "preview_vtk": "{\"show_edges\":false,\"camera_state\":\"{\\\"position\\\":[10.636114639523552,29.121889105824472,15.277734942277156],\\\"focalPoint\\\":[0.6242384910583496,0.093758
  [ComfyUI]   Node 38: GeomPackPreviewMeshVTK
  [ComfyUI]     Inputs: {"mode": "fields", "preview_vtk": "{\"show_edges\":false,\"camera_state\":\"{\\\"position\\\":[10.636114639523552,29.121889105824472,15.277734942277156],\\\"focalPoint\\\":[0.6242384910583496,0.093758
  [ComfyUI] Generated prompt_id: 8942ca32-a55d-4b2e-8b11-c78c45ae62a0
  [ComfyUI] Calling execution.validate_prompt()...
  [ComfyUI] Validation result: valid=True
  [ComfyUI] === Validation PASSED ===
  [ComfyUI] got prompt
  [ComfyUI] [comfy-env] Running LoadP3SAMSegmentor: precision: 'auto', attn_backend: 'auto'
  [ComfyUI] [VRAM] Before LoadP3SAMSegmentor: 824 / 24124 MB
  [ComfyUI] [SubprocessWorker] call_method: nodes.loaders.LoadP3SAMSegmentor.EXECUTE_NORMALIZED
  [ComfyUI] [SubprocessWorker] acquired lock, ensuring started...
  [ComfyUI] [ComfyUI-Hunyuan3D-Part] Health check: ping (timeout=5.0s)...
  [ComfyUI] [ComfyUI-Hunyuan3D-Part] Health check: ok
  [ComfyUI] [SubprocessWorker] worker started/confirmed
  [ComfyUI] [SubprocessWorker] serializing kwargs to shm...
  [ComfyUI] [SubprocessWorker] created 0 shm blocks
  [ComfyUI] [SubprocessWorker] sending request via socket...
  [ComfyUI] [SubprocessWorker] call_id=14 sending call_method
  [ComfyUI] [worker:ComfyUI-Hunyuan3D-Part] [Load P3-SAM] Ensuring model files are downloaded...
  [ComfyUI] 2026-05-07 18:47:42,903 - hy3dgen.partgen - INFO - Using local models at: /workspaces/Hunyuan3D-Part-1836/ComfyUI/models/hunyuan3d-part
  [ComfyUI] [worker:ComfyUI-Hunyuan3D-Part] INFO: Using local models at: /workspaces/Hunyuan3D-Part-1836/ComfyUI/models/hunyuan3d-part
  [ComfyUI] [worker:ComfyUI-Hunyuan3D-Part] [Load P3-SAM] Model files ready at /workspaces/Hunyuan3D-Part-1836/ComfyUI/models/hunyuan3d-part
  [ComfyUI] [SubprocessWorker] got response: ok
  [ComfyUI] [comfy-env] [VRAM] Before offload 'VolumeDecoderShapeVAE_5' (625 MB) -> cpu: 824 / 24124 MB
  [ComfyUI] [ComfyUI-Hunyuan3D-Part] Health check: ping (timeout=5.0s)...
  [ComfyUI] [ComfyUI-Hunyuan3D-Part] Health check: ok
  [ComfyUI] [SubprocessWorker] call_id=15 sending model_to_device
  [ComfyUI] Model 'VolumeDecoderShapeVAE_5' gone from worker (restarted?), treating as offloaded
  [ComfyUI] [comfy-env] [VRAM] After offload 'VolumeDecoderShapeVAE_5' (625 MB): 824 / 24124 MB
  [ComfyUI] [comfy-env] [VRAM] Before offload 'PartFormerDITPlain_4' (6323 MB) -> cpu: 824 / 24124 MB
  [ComfyUI] [ComfyUI-Hunyuan3D-Part] Health check: ping (timeout=5.0s)...
  [ComfyUI] [ComfyUI-Hunyuan3D-Part] Health check: ok
  [ComfyUI] [SubprocessWorker] call_id=16 sending model_to_device
  [ComfyUI] Model 'PartFormerDITPlain_4' gone from worker (restarted?), treating as offloaded
  [ComfyUI] [comfy-env] [VRAM] After offload 'PartFormerDITPlain_4' (6323 MB): 824 / 24124 MB
  [ComfyUI] [comfy-env] [VRAM] Before offload 'Conditioner_3' (1674 MB) -> cpu: 824 / 24124 MB
  [ComfyUI] [ComfyUI-Hunyuan3D-Part] Health check: ping (timeout=5.0s)...
  [ComfyUI] [ComfyUI-Hunyuan3D-Part] Health check: ok
  [ComfyUI] [SubprocessWorker] call_id=17 sending model_to_device
  [ComfyUI] Model 'Conditioner_3' gone from worker (restarted?), treating as offloaded
  [ComfyUI] [comfy-env] [VRAM] After offload 'Conditioner_3' (1674 MB): 824 / 24124 MB
  [ComfyUI] [comfy-env] [VRAM] Before offload 'MultiHeadSegment_2' (215 MB) -> cpu: 824 / 24124 MB
  [ComfyUI] [ComfyUI-Hunyuan3D-Part] Health check: ping (timeout=5.0s)...
  [ComfyUI] [ComfyUI-Hunyuan3D-Part] Health check: ok
  [ComfyUI] [SubprocessWorker] call_id=18 sending model_to_device
  [ComfyUI] Model 'MultiHeadSegment_2' gone from worker (restarted?), treating as offloaded
  [ComfyUI] [comfy-env] [VRAM] After offload 'MultiHeadSegment_2' (215 MB): 824 / 24124 MB
  [ComfyUI] [comfy-env] [VRAM] Before offload 'SonataEncoder_1' (209 MB) -> cpu: 824 / 24124 MB
  [ComfyUI] [ComfyUI-Hunyuan3D-Part] Health check: ping (timeout=5.0s)...
  [ComfyUI] [ComfyUI-Hunyuan3D-Part] Health check: ok
  [ComfyUI] [SubprocessWorker] call_id=19 sending model_to_device
  [ComfyUI] Model 'SonataEncoder_1' gone from worker (restarted?), treating as offloaded
  [ComfyUI] [ComfyUI-GeometryPack] python: /workspaces/Hunyuan3D-Part-1836/ComfyUI/.ce/.pixi/envs/geometrypack-main/bin/python
  [ComfyUI] [comfy-env] [VRAM] After offload 'SonataEncoder_1' (209 MB): 824 / 24124 MB
  [ComfyUI] [ComfyUI-GeometryPack] sys_path sent to worker: ['/workspaces/Hunyuan3D-Part-1836/ComfyUI', '/workspaces/Hunyuan3D-Part-1836/ComfyUI/custom_nodes/ComfyUI-GeometryPack', '/workspaces/Hunyuan3D-Part-1836/ComfyUI/.ce/.pixi/envs/geometrypack-main/lib/python3.1/site-packages', '/workspaces/Hunyuan3D-Part-1836/ComfyUI/custom_nodes/ComfyUI-GeometryPack']
  [ComfyUI] [comfy-env] LoadP3SAMSegmentor done (2.00s): result: NodeOutput
  [ComfyUI] [SubprocessWorker] is_pixi=True, python=/workspaces/Hunyuan3D-Part-1836/ComfyUI/.ce/.pixi/envs/geometrypack-main/bin/python
  [ComfyUI] [VRAM] After LoadP3SAMSegmentor: 824 / 24124 MB
  [ComfyUI] [SubprocessWorker] launching cmd=['/root/.pixi/bin/pixi', 'run', '--as-is', '--manifest-path', '/workspaces/Hunyuan3D-Part-1836/ComfyUI/.ce/pixi.toml', '-e', 'geometrypack-main', 'python', '/tmp/comfyui_pvenv_a5dopepz/persistent_worker.py', 'abstract://comfy_worker_ab4610e1f05f']...
  [ComfyUI] [comfy-env] Running LoadSonataEncoder: precision: 'auto', attn_backend: 'auto'
  [ComfyUI] [SubprocessWorker] socket_addr=abstract://comfy_worker_ab4610e1f05f (abstract, no filesystem path)
  [ComfyUI] [VRAM] Before LoadSonataEncoder: 824 / 24124 MB
  [ComfyUI] [SubprocessWorker] call_method: nodes.loaders.LoadSonataEncoder.EXECUTE_NORMALIZED
  [ComfyUI] [SubprocessWorker] acquired lock, ensuring started...
  [ComfyUI] [ComfyUI-Hunyuan3D-Part] Health check: ping (timeout=5.0s)...
  [ComfyUI] [ComfyUI-Hunyuan3D-Part] Health check: ok
  [ComfyUI] [SubprocessWorker] worker started/confirmed
  [ComfyUI] [SubprocessWorker] serializing kwargs to shm...
  [ComfyUI] [SubprocessWorker] created 0 shm blocks
  [ComfyUI] [SubprocessWorker] sending request via socket...
  [ComfyUI] [SubprocessWorker] call_id=20 sending call_method
  [ComfyUI] [worker:ComfyUI-Hunyuan3D-Part] [Load Sonata Encoder] Ensuring model files are downloaded...
  [ComfyUI] 2026-05-07 18:47:43,039 - hy3dgen.partgen - INFO - Using local models at: /workspaces/Hunyuan3D-Part-1836/ComfyUI/models/hunyuan3d-part
  [ComfyUI] [worker:ComfyUI-Hunyuan3D-Part] INFO: Using local models at: /workspaces/Hunyuan3D-Part-1836/ComfyUI/models/hunyuan3d-part
  [ComfyUI] [worker:ComfyUI-Hunyuan3D-Part] [Load Sonata Encoder] Model files ready at /workspaces/Hunyuan3D-Part-1836/ComfyUI/models/hunyuan3d-part
  [ComfyUI] [SubprocessWorker] got response: ok
  [ComfyUI] [comfy-env] LoadSonataEncoder done (0.08s): result: NodeOutput
  [ComfyUI] [VRAM] After LoadSonataEncoder: 824 / 24124 MB
  [ComfyUI] [comfy-env] Running GeomPackLoadMesh: file_path: '3d/utah_teapot.stl'
  [ComfyUI] [VRAM] Before GeomPackLoadMesh: 824 / 24124 MB
  [ComfyUI] [SubprocessWorker] call_method: nodes.main.io.load_mesh.LoadMesh.EXECUTE_NORMALIZED
  [ComfyUI] [SubprocessWorker] acquired lock, ensuring started...
  [ComfyUI] [ComfyUI-GeometryPack] Health check: ping (timeout=5.0s)...
  [ComfyUI] [ComfyUI-GeometryPack] Health check: failed
  [ComfyUI] [ComfyUI-GeometryPack] Socket unhealthy, restarting worker...
  Frame 2 saved (frame_001.jpg, t=2.5s)
  [capture-periodic] freeze=3ms shot=194ms unfreeze=5ms saved=True
  Frame 3 saved (frame_002.jpg, t=4.9s)
  [capture-periodic] freeze=3ms shot=210ms unfreeze=4ms saved=True
  [ComfyUI] [worker:ComfyUI-GeometryPack] WARNING: WARNING: You need pytorch with cu130 or higher to use optimized CUDA operations.
  [ComfyUI] [SubprocessWorker] worker started/confirmed
  [ComfyUI] [SubprocessWorker] serializing kwargs to shm...
  [ComfyUI] [SubprocessWorker] created 0 shm blocks
  [ComfyUI] [SubprocessWorker] sending request via socket...
  [ComfyUI] [SubprocessWorker] call_id=4 sending call_method
  [capture-loop] iter=50 t=6.2s state={'complete': False, 'error': None, 'executedCount': 0, 'wsState': 1} eval_ms=4 ram=4.5/31.2GB (15%) swap=0.4/32.0GB (1%) cpu=5% browser_rss=1.02GB
  [ComfyUI] [worker:ComfyUI-GeometryPack] INFO: Found mesh in input folder: 3d/utah_teapot.stl
  [ComfyUI] [worker:ComfyUI-GeometryPack] INFO: Loading: /workspaces/Hunyuan3D-Part-1836/ComfyUI/input/3d/utah_teapot.stl
  [ComfyUI] [worker:ComfyUI-GeometryPack] INFO: Initial mesh: 4719 vertices, 9438 faces
  [ComfyUI] [worker:ComfyUI-GeometryPack] INFO: Successfully loaded: 4719 vertices, 9438 faces
  [ComfyUI] [worker:ComfyUI-GeometryPack] INFO: Loaded: 4719 vertices, 9438 faces
  [ComfyUI] [SubprocessWorker] got response: ok
  [ComfyUI] [comfy-env] GeomPackLoadMesh done (3.94s): result: NodeOutput
  [ComfyUI] [VRAM] After GeomPackLoadMesh: 824 / 24124 MB
  [ComfyUI] [comfy-env] Running ComputeMeshFeatures: all_points: False, point_num: 100000, seed: 42, mesh: Trimesh, sonata_config: dict
  [ComfyUI] [VRAM] Before ComputeMeshFeatures: 824 / 24124 MB
  [ComfyUI] [SubprocessWorker] call_method: nodes.processing.ComputeMeshFeatures.EXECUTE_NORMALIZED
  [ComfyUI] [SubprocessWorker] acquired lock, ensuring started...
  [ComfyUI] [ComfyUI-Hunyuan3D-Part] Health check: ping (timeout=5.0s)...
  [ComfyUI] [ComfyUI-Hunyuan3D-Part] Health check: ok
  [ComfyUI] [SubprocessWorker] worker started/confirmed
  [ComfyUI] [SubprocessWorker] serializing kwargs to shm...
  [ComfyUI] [SubprocessWorker] created 1 shm blocks
  [ComfyUI] [SubprocessWorker] sending request via socket...
  [ComfyUI] [SubprocessWorker] call_id=21 sending call_method
  [ComfyUI] [worker:ComfyUI-Hunyuan3D-Part] [Compute Features] Computing mesh features...
  Frame 4 saved (frame_003.jpg, t=7.2s)
  [capture-periodic] freeze=3ms shot=220ms unfreeze=3ms saved=True
  [capture-loop] iter=100 t=12.3s state={'complete': False, 'error': None, 'executedCount': 0, 'wsState': 1} eval_ms=4 ram=4.7/31.2GB (15%) swap=0.4/32.0GB (1%) cpu=5% browser_rss=1.01GB
  [ComfyUI] [worker:ComfyUI-Hunyuan3D-Part] [Sonata Encoder] Building model (precision=auto, attn_backend=auto)...
  [ComfyUI] [worker:ComfyUI-Hunyuan3D-Part] Loading sonata from cache: /workspaces/Hunyuan3D-Part-1836/ComfyUI/models/sonata/sonata.pth
  [ComfyUI] [worker:ComfyUI-Hunyuan3D-Part] flash attention: True
  [ComfyUI] [worker:ComfyUI-Hunyuan3D-Part] Model params: 108.46M 108461376
  [ComfyUI] [worker:ComfyUI-Hunyuan3D-Part] [Sonata Encoder] Loaded 453 Sonata backbone weights from P3-SAM checkpoint
  [ComfyUI] [worker:ComfyUI-Hunyuan3D-Part] [lowvram] Enabled: 80 cast modules, 25 orphan-param hooks
  [ComfyUI] [SubprocessWorker] callback 'request_vram_budget' from call_id=21
  [ComfyUI] [comfy-env] VRAM request: 0.22GB, free before eviction: 24.43GB
  [ComfyUI] [comfy-env] VRAM after eviction: 24.43GB
  [ComfyUI] [worker:ComfyUI-Hunyuan3D-Part] [Sonata Encoder] Loaded on cuda:0, dtype=torch.bfloat16
  [ComfyUI] [worker:ComfyUI-Hunyuan3D-Part] [Compute Features] Cleaning mesh...
  [ComfyUI] [worker:ComfyUI-Hunyuan3D-Part] [Compute Features] Building adjacent faces...
  [ComfyUI] [worker:ComfyUI-Hunyuan3D-Part] [Compute Features] Sampling 100000 points...
  [ComfyUI] [worker:ComfyUI-Hunyuan3D-Part] [VRAM] +209MB (now 209MB) reserved=224MB peak=209MB
  [ComfyUI] [worker:ComfyUI-Hunyuan3D-Part] [Compute Features] Extracting Sonata features...
  [ComfyUI] W0507 18:47:56.051000 3328 .ce/.pixi/envs/hunyuan3dpart-nodes/lib/python3.12/site-packages/torch/fx/_symbolic_trace.py:53] is_fx_tracing will return true for both fx.symbolic_trace and torch.export. Please use is_fx_tracing_symbolic_tracing() for specifically fx.symbolic_trace or torch.compiler.is_compiling() for specifically torch.export/compile.
  [ComfyUI] /workspaces/Hunyuan3D-Part-1836/ComfyUI/.ce/.pixi/envs/hunyuan3dpart-nodes/lib/python3.1/site-packages/spconv/pytorch/cppcore.py:106: UserWarning: [WARNING]your gpu arch (8, 6) isn't compiled in prebuilt, may cause invalid device function error. available: {(9, 0), (12, 0), (7, 0), (8, 0), (10, 0)}
  [ComfyUI]   warnings.warn(
  [ComfyUI] [worker:ComfyUI-Hunyuan3D-Part] Can't find algo Ampere_bf16bf16bf16f32f32tnt_m64n64k32m32n32k32A1T16816_200_C301LLL_SK in prebuilt. compile with nvrtc...
  [capture-loop] iter=150 t=18.1s state={'complete': False, 'error': None, 'executedCount': 0, 'wsState': 1} eval_ms=3 ram=5.4/31.2GB (17%) swap=0.4/32.0GB (1%) cpu=4% browser_rss=1.01GB
  [ComfyUI] [worker:ComfyUI-Hunyuan3D-Part] Can't find algo Ampere_bf16bf16bf16f32f32tnt_m64n64k32m32n32k32A1T16816_300_C301LLL_SK in prebuilt. compile with nvrtc...
  [ComfyUI] [worker:ComfyUI-Hunyuan3D-Part] Can't find algo Ampere_bf16bf16bf16f32f32tnt_m64n64k32m32n32k32A1T16816_400_C301LLL_SK in prebuilt. compile with nvrtc...
  [ComfyUI] [worker:ComfyUI-Hunyuan3D-Part] Can't find algo Ampere_bf16bf16bf16f32f32tnt_m64n128k32m32n64k32A1T16816_200_C301LLL_SK in prebuilt. compile with nvrtc...
  [ComfyUI] [worker:ComfyUI-Hunyuan3D-Part] Can't find algo Ampere_bf16bf16bf16f32f32tnt_m64n128k32m32n64k32A1T16816_300_C301LLL_SK in prebuilt. compile with nvrtc...
  [capture-loop] iter=200 t=24.0s state={'complete': False, 'error': None, 'executedCount': 0, 'wsState': 1} eval_ms=3 ram=5.2/31.2GB (17%) swap=0.4/32.0GB (1%) cpu=5% browser_rss=0.89GB
  [ComfyUI] [worker:ComfyUI-Hunyuan3D-Part] Can't find algo Ampere_bf16bf16bf16f32f32tnt_m64n128k32m32n64k32A1T16816_400_C301LLL_SK in prebuilt. compile with nvrtc...
  [ComfyUI] [worker:ComfyUI-Hunyuan3D-Part] Can't find algo Ampere_bf16bf16bf16f32f32tnt_m128n64k32m64n32k32A1T16816_200_C301LLL_SK in prebuilt. compile with nvrtc...
  [capture-loop] iter=250 t=29.7s state={'complete': False, 'error': None, 'executedCount': 0, 'wsState': 1} eval_ms=3 ram=5.2/31.2GB (17%) swap=0.4/32.0GB (1%) cpu=4% browser_rss=0.89GB
  [ComfyUI] [worker:ComfyUI-Hunyuan3D-Part] Can't find algo Ampere_bf16bf16bf16f32f32tnt_m128n64k32m64n32k32A1T16816_300_C301LLL_SK in prebuilt. compile with nvrtc...
  [ComfyUI] [worker:ComfyUI-Hunyuan3D-Part] Can't find algo Ampere_bf16bf16bf16f32f32tnt_m128n64k32m64n32k32A1T16816_400_C301LLL_SK in prebuilt. compile with nvrtc...
  [ComfyUI] [worker:ComfyUI-Hunyuan3D-Part] [Compute Features] Features computed (17.03s)
  [ComfyUI] [worker:ComfyUI-Hunyuan3D-Part] [Compute Features] Computing PCA4 debug field...
  [ComfyUI] [SubprocessWorker] got response: ok
  [ComfyUI] [comfy-env] Created 1 model patchers: ['SonataEncoder_1']
  [ComfyUI] [comfy-env] ComputeMeshFeatures done (27.31s): result: NodeOutput
  [ComfyUI] [VRAM] After ComputeMeshFeatures: 1770 / 24124 MB
  [ComfyUI] [VRAM] Loaded: SubprocessModel (209 MB)
  [ComfyUI] [comfy-env] Running GeomPackPreviewMeshVTK: mode: 'fields', trimesh: Trimesh
  [ComfyUI] [VRAM] Before GeomPackPreviewMeshVTK: 1770 / 24124 MB
  [ComfyUI] [VRAM] Loaded: SubprocessModel (209 MB)
  [ComfyUI] [SubprocessWorker] call_method: nodes.main.visualization.preview_mesh_vtk.PreviewMeshVTKNode.EXECUTE_NORMALIZED
  [ComfyUI] [SubprocessWorker] acquired lock, ensuring started...
  [ComfyUI] [ComfyUI-GeometryPack] Health check: ping (timeout=5.0s)...
  [ComfyUI] [ComfyUI-GeometryPack] Health check: ok
  [ComfyUI] [SubprocessWorker] worker started/confirmed
  [ComfyUI] [SubprocessWorker] serializing kwargs to shm...
  [ComfyUI] [SubprocessWorker] created 1 shm blocks
  [ComfyUI] [SubprocessWorker] sending request via socket...
  [ComfyUI] [SubprocessWorker] call_id=5 sending call_method
  [ComfyUI] [worker:ComfyUI-GeometryPack] INFO: Preparing preview: Mesh - 4719 vertices, 9438 faces
  Frame 5 saved (frame_004.jpg, t=34.2s)
  [capture-periodic] freeze=3ms shot=227ms unfreeze=4ms saved=True
  [ComfyUI] [worker:ComfyUI-GeometryPack] INFO: Mode: fields
  [ComfyUI] [worker:ComfyUI-GeometryPack] INFO: Visual data - has_visual: True, kind: None, texture: False, vertex_colors: False
  [ComfyUI] [worker:ComfyUI-GeometryPack] INFO: Using fields mode - VTP export
  [ComfyUI] [worker:ComfyUI-GeometryPack] INFO: Exporting mesh to VTP: /workspaces/Hunyuan3D-Part-1836/ComfyUI/output/preview_vtk_5ae966d3.vtp
  [ComfyUI] [worker:ComfyUI-GeometryPack] INFO: Adding normals field (4719 vertices)
  [ComfyUI] [worker:ComfyUI-GeometryPack] INFO: Adding scalar field: features_pca4_debug (components: 4)
  [ComfyUI] [worker:ComfyUI-GeometryPack] INFO: Export complete: 4719 vertices, 9438 faces
  [ComfyUI] [worker:ComfyUI-GeometryPack] INFO: Exported VTP to: /workspaces/Hunyuan3D-Part-1836/ComfyUI/output/preview_vtk_5ae966d3.vtp
  [ComfyUI] [worker:ComfyUI-GeometryPack] INFO: Vertex attributes: ['features_pca4_debug']
  [ComfyUI] [worker:ComfyUI-GeometryPack] INFO: Fields mode info: watertight=True, volume=526.507402589034, area=388.6062594385798, fields=['features_pca4_debug']
  [ComfyUI] [SubprocessWorker] got response: ok
  [ComfyUI] [comfy-env] GeomPackPreviewMeshVTK done (1.00s): result: NodeOutput
  [ComfyUI] [VRAM] After GeomPackPreviewMeshVTK: 1770 / 24124 MB
  [ComfyUI] [VRAM] Loaded: SubprocessModel (209 MB)
  [ComfyUI] [comfy-env] Running P3SAMSegmentMesh: prompt_num: 400, threshold: 0.95, post_process: True, batch_size: 1, mesh_with_features: Trimesh, p3sam_config: dict
  [ComfyUI] [VRAM] Before P3SAMSegmentMesh: 1770 / 24124 MB
  [ComfyUI] [VRAM] Loaded: SubprocessModel (209 MB)
  [ComfyUI] [SubprocessWorker] call_method: nodes.processing.P3SAMSegmentMesh.EXECUTE_NORMALIZED
  [ComfyUI] [SubprocessWorker] acquired lock, ensuring started...
  [ComfyUI] [ComfyUI-Hunyuan3D-Part] Health check: ping (timeout=5.0s)...
  [ComfyUI] [ComfyUI-Hunyuan3D-Part] Health check: ok
  [ComfyUI] [SubprocessWorker] worker started/confirmed
  [ComfyUI] [SubprocessWorker] serializing kwargs to shm...
  Node executed (1 total), capturing...
  [ComfyUI] [SubprocessWorker] created 1 shm blocks
  [ComfyUI] [SubprocessWorker] sending request via socket...
  [ComfyUI] [SubprocessWorker] call_id=22 sending call_method
  Frame 6 saved (frame_005.jpg, t=34.9s)
  [capture-node] freeze=76ms shot=242ms unfreeze=7ms saved=True
  [ComfyUI] [worker:ComfyUI-Hunyuan3D-Part] [P3-SAM Segment] Running segmentation with 400 prompts, batch_size=1...
  [ComfyUI] [worker:ComfyUI-Hunyuan3D-Part] [VRAM] before model load: allocated=0.21GB, reserved=0.84GB, total=23.56GB
  [ComfyUI] [worker:ComfyUI-Hunyuan3D-Part] [P3-SAM] Building model (precision=auto, attn_backend=auto)...
  [ComfyUI] [worker:ComfyUI-Hunyuan3D-Part] Loading sonata from cache: /workspaces/Hunyuan3D-Part-1836/ComfyUI/models/sonata/sonata.pth
  [ComfyUI] [worker:ComfyUI-Hunyuan3D-Part] flash attention: True
  [capture-loop] iter=300 t=36.5s state={'complete': False, 'error': None, 'executedCount': 1, 'wsState': 1} eval_ms=4 ram=7.4/31.2GB (24%) swap=0.4/32.0GB (1%) cpu=6% browser_rss=0.95GB
  [ComfyUI] [worker:ComfyUI-Hunyuan3D-Part] Model params: 108.46M 108461376
  [ComfyUI] [worker:ComfyUI-Hunyuan3D-Part] [P3-SAM] precision=auto, dtype=torch.bfloat16
  Frame 7 saved (frame_006.jpg, t=37.4s)
  [capture-periodic] freeze=3ms shot=241ms unfreeze=4ms saved=True
  [ComfyUI] [worker:ComfyUI-Hunyuan3D-Part] [lowvram] Enabled: 107 cast modules, 25 orphan-param hooks
  [ComfyUI] [SubprocessWorker] callback 'request_vram_budget' from call_id=22
  [ComfyUI] [comfy-env] VRAM request: 0.23GB, free before eviction: 23.44GB
  [ComfyUI] [comfy-env] VRAM after eviction: 23.44GB
  [ComfyUI] [worker:ComfyUI-Hunyuan3D-Part] [P3-SAM] Model loaded on cuda:0
  [ComfyUI] [worker:ComfyUI-Hunyuan3D-Part] [VRAM] after model load: allocated=0.42GB, reserved=0.44GB, total=23.56GB
  [ComfyUI] [worker:ComfyUI-Hunyuan3D-Part] [VRAM] +224MB (now 433MB) reserved=448MB peak=433MB
  [ComfyUI] [worker:ComfyUI-Hunyuan3D-Part] [VRAM] after tensor pre-upload: allocated=0.52GB, reserved=0.53GB, total=23.56GB
  [ComfyUI] [worker:ComfyUI-Hunyuan3D-Part] [P3-SAM Segment] 400 prompts / batch_size 1 = 400 steps
  [ComfyUI] [worker:ComfyUI-Hunyuan3D-Part] [VRAM] before inference loop: allocated=0.52GB, reserved=0.53GB, total=23.56GB
  [ComfyUI] [worker:ComfyUI-Hunyuan3D-Part] [VRAM] after first batch (bs=1): allocated=0.52GB, reserved=1.41GB, total=23.56GB
  [ComfyUI] [SubprocessWorker] callback 'report_progress' from call_id=22
  [ComfyUI] [SubprocessWorker] callback 'report_progress' from call_id=22
  [ComfyUI] [SubprocessWorker] callback 'report_progress' from call_id=22
  [ComfyUI] [SubprocessWorker] callback 'report_progress' from call_id=22
  [ComfyUI] [SubprocessWorker] callback 'report_progress' from call_id=22
  [ComfyUI] [SubprocessWorker] callback 'report_progress' from call_id=22
  [ComfyUI] [SubprocessWorker] callback 'report_progress' from call_id=22
  [ComfyUI] [SubprocessWorker] callback 'report_progress' from call_id=22
  [ComfyUI] [SubprocessWorker] callback 'report_progress' from call_id=22
  [ComfyUI] [SubprocessWorker] callback 'report_progress' from call_id=22
  [ComfyUI] [SubprocessWorker] callback 'report_progress' from call_id=22
  [ComfyUI] [SubprocessWorker] callback 'report_progress' from call_id=22
  [ComfyUI] [SubprocessWorker] callback 'report_progress' from call_id=22
  [ComfyUI] [SubprocessWorker] callback 'report_progress' from call_id=22
  [ComfyUI] [SubprocessWorker] callback 'report_progress' from call_id=22
  [ComfyUI] [SubprocessWorker] callback 'report_progress' from call_id=22
  [ComfyUI] [SubprocessWorker] callback 'report_progress' from call_id=22
  Frame 8 saved (frame_007.jpg, t=39.8s)
  [capture-periodic] freeze=10ms shot=230ms unfreeze=21ms saved=True
  [ComfyUI] [SubprocessWorker] callback 'report_progress' from call_id=22
  [ComfyUI] [SubprocessWorker] callback 'report_progress' from call_id=22
  [ComfyUI] [SubprocessWorker] callback 'report_progress' from call_id=22
  [ComfyUI] [SubprocessWorker] callback 'report_progress' from call_id=22
  [ComfyUI] [SubprocessWorker] callback 'report_progress' from call_id=22
  [ComfyUI] [SubprocessWorker] callback 'report_progress' from call_id=22
  [ComfyUI] [SubprocessWorker] callback 'report_progress' from call_id=22
  [ComfyUI] [SubprocessWorker] callback 'report_progress' from call_id=22
  [ComfyUI] [SubprocessWorker] callback 'report_progress' from call_id=22
  [ComfyUI] [SubprocessWorker] callback 'report_progress' from call_id=22
  [ComfyUI] [SubprocessWorker] callback 'report_progress' from call_id=22
  [ComfyUI] [SubprocessWorker] callback 'report_progress' from call_id=22
  [ComfyUI] [SubprocessWorker] callback 'report_progress' from call_id=22
  [ComfyUI] [worker:ComfyUI-Hunyuan3D-Part] [VRAM] +646MB (now 1080MB) reserved=1536MB peak=1080MB
  [ComfyUI] [SubprocessWorker] callback 'report_progress' from call_id=22
  [ComfyUI] [SubprocessWorker] callback 'report_progress' from call_id=22
  [ComfyUI] [SubprocessWorker] callback 'report_progress' from call_id=22
  [ComfyUI] [SubprocessWorker] callback 'report_progress' from call_id=22
  [ComfyUI] [SubprocessWorker] callback 'report_progress' from call_id=22
  [ComfyUI] [SubprocessWorker] callback 'report_progress' from call_id=22
  [ComfyUI] [SubprocessWorker] callback 'report_progress' from call_id=22
  Frame 9 saved (frame_008.jpg, t=42.1s)
  [capture-periodic] freeze=10ms shot=216ms unfreeze=13ms saved=True
  [ComfyUI] [SubprocessWorker] callback 'report_progress' from call_id=22
  [ComfyUI] [worker:ComfyUI-Hunyuan3D-Part] [VRAM] -547MB (now 533MB) reserved=1536MB peak=1080MB
  [ComfyUI] [SubprocessWorker] callback 'report_progress' from call_id=22
  [ComfyUI] [SubprocessWorker] callback 'report_progress' from call_id=22
  [ComfyUI] [SubprocessWorker] callback 'report_progress' from call_id=22
  [ComfyUI] [SubprocessWorker] callback 'report_progress' from call_id=22
  [capture-loop] iter=350 t=43.0s state={'complete': False, 'error': None, 'executedCount': 1, 'wsState': 1} eval_ms=8 ram=7.5/31.2GB (24%) swap=0.4/32.0GB (1%) cpu=7% browser_rss=0.96GB
  [ComfyUI] [SubprocessWorker] callback 'report_progress' from call_id=22
  [ComfyUI] [SubprocessWorker] callback 'report_progress' from call_id=22
  [ComfyUI] [SubprocessWorker] callback 'report_progress' from call_id=22
  [ComfyUI] [SubprocessWorker] callback 'report_progress' from call_id=22
  [ComfyUI] [SubprocessWorker] callback 'report_progress' from call_id=22
  [ComfyUI] [SubprocessWorker] callback 'report_progress' from call_id=22
  [ComfyUI] [SubprocessWorker] callback 'report_progress' from call_id=22
  [ComfyUI] [SubprocessWorker] callback 'report_progress' from call_id=22
  [ComfyUI] [worker:ComfyUI-Hunyuan3D-Part] [VRAM] +595MB (now 1128MB) reserved=1536MB peak=1128MB
  [ComfyUI] [SubprocessWorker] callback 'report_progress' from call_id=22
  [ComfyUI] [SubprocessWorker] callback 'report_progress' from call_id=22
  [ComfyUI] [SubprocessWorker] callback 'report_progress' from call_id=22
  [ComfyUI] [SubprocessWorker] callback 'report_progress' from call_id=22
  [ComfyUI] [SubprocessWorker] callback 'report_progress' from call_id=22
  [ComfyUI] [SubprocessWorker] callback 'report_progress' from call_id=22
  [ComfyUI] [SubprocessWorker] callback 'report_progress' from call_id=22
  Frame 10 saved (frame_009.jpg, t=44.5s)
  [capture-periodic] freeze=9ms shot=218ms unfreeze=5ms saved=True
  [ComfyUI] [SubprocessWorker] callback 'report_progress' from call_id=22
  [ComfyUI] [worker:ComfyUI-Hunyuan3D-Part] [VRAM] -596MB (now 533MB) reserved=1536MB peak=1128MB
  [ComfyUI] [SubprocessWorker] callback 'report_progress' from call_id=22
  [ComfyUI] [SubprocessWorker] callback 'report_progress' from call_id=22
  [ComfyUI] [SubprocessWorker] callback 'report_progress' from call_id=22
  [ComfyUI] [SubprocessWorker] callback 'report_progress' from call_id=22
  [ComfyUI] [SubprocessWorker] callback 'report_progress' from call_id=22
  [ComfyUI] [SubprocessWorker] callback 'report_progress' from call_id=22
  [ComfyUI] [SubprocessWorker] callback 'report_progress' from call_id=22
  [ComfyUI] [SubprocessWorker] callback 'report_progress' from call_id=22
  [ComfyUI] [SubprocessWorker] callback 'report_progress' from call_id=22
  [ComfyUI] [SubprocessWorker] callback 'report_progress' from call_id=22
  [ComfyUI] [worker:ComfyUI-Hunyuan3D-Part] [VRAM] after inference loop: allocated=0.52GB, reserved=1.50GB, total=23.56GB
  [ComfyUI] [worker:ComfyUI-Hunyuan3D-Part] [P3-SAM Segment] NMS complete: 3 clusters
  Frame 11 saved (frame_010.jpg, t=46.8s)
  [ComfyUI] [worker:ComfyUI-Hunyuan3D-Part] >>>>>> compute aabb runtime: 0.0239 seconds
  [capture-periodic] freeze=3ms shot=247ms unfreeze=3ms saved=True
  [ComfyUI] [worker:ComfyUI-Hunyuan3D-Part] >>>>>> merge mesh runtime: 0.0108 seconds
  [ComfyUI] [worker:ComfyUI-Hunyuan3D-Part] [P3-SAM Segment] Segmentation complete: found 3 parts
  [ComfyUI] [SubprocessWorker] got response: ok
  [ComfyUI] [comfy-env] Created 1 model patchers: ['MultiHeadSegment_2']
  [ComfyUI] [comfy-env] P3SAMSegmentMesh done (13.47s): result: NodeOutput
  [ComfyUI] [VRAM] After P3SAMSegmentMesh: 2442 / 24124 MB
  [ComfyUI] [VRAM] Loaded: SubprocessModel (215 MB), SubprocessModel (209 MB)
  [ComfyUI] [comfy-env] Running Hunyuan3DPreviewBoundingBoxes: line_width: 2.0, trimesh: Trimesh, bboxes: dict
  [ComfyUI] [VRAM] Before Hunyuan3DPreviewBoundingBoxes: 2442 / 24124 MB
  [ComfyUI] [VRAM] Loaded: SubprocessModel (215 MB), SubprocessModel (209 MB)
  [ComfyUI] [SubprocessWorker] call_method: nodes.bbox_visualization.PreviewBoundingBoxesNode.EXECUTE_NORMALIZED
  [ComfyUI] [SubprocessWorker] acquired lock, ensuring started...
  [ComfyUI] [ComfyUI-Hunyuan3D-Part] Health check: ping (timeout=5.0s)...
  [ComfyUI] [ComfyUI-Hunyuan3D-Part] Health check: ok
  [ComfyUI] [SubprocessWorker] worker started/confirmed
  [ComfyUI] [SubprocessWorker] serializing kwargs to shm...
  [ComfyUI] [SubprocessWorker] created 1 shm blocks
  [ComfyUI] [SubprocessWorker] sending request via socket...
  [ComfyUI] [SubprocessWorker] call_id=23 sending call_method
  [ComfyUI] [worker:ComfyUI-Hunyuan3D-Part] [comfy-env] _from_shm got dict with keys: ['__type__', 'strategy', 'parent_pid', 'fd', 'storage_size']
  [ComfyUI] [worker:ComfyUI-Hunyuan3D-Part] [comfy-env] DESERIALIZE TensorRef: tensor_size=[3, 2, 3]
  [ComfyUI] [worker:ComfyUI-Hunyuan3D-Part] [comfy-env] DESERIALIZED tensor shape: torch.Size([3, 2, 3])
  [ComfyUI] [worker:ComfyUI-Hunyuan3D-Part] [PreviewBoundingBoxes] Preparing preview with 3 bounding boxes
  [ComfyUI] [worker:ComfyUI-Hunyuan3D-Part] [PreviewBoundingBoxes] Mesh: 4719 vertices, 9438 faces
  [ComfyUI] [worker:ComfyUI-Hunyuan3D-Part] [PreviewBoundingBoxes] Line width: 2.0px
  [ComfyUI] [worker:ComfyUI-Hunyuan3D-Part] [export_scene_to_vtp] Exported: 4743 vertices, 9438 polygons, 36 lines
  [ComfyUI] [worker:ComfyUI-Hunyuan3D-Part] [PreviewBoundingBoxes] Exported scene with 3 bounding boxes to: /workspaces/Hunyuan3D-Part-1836/ComfyUI/output/preview_bboxes_82014140.vtp
  [ComfyUI] [worker:ComfyUI-Hunyuan3D-Part] [PreviewBoundingBoxes] Created visualization with 3 bounding boxes
  [ComfyUI] [SubprocessWorker] got response: ok
  [capture-loop] iter=400 t=49.1s state={'complete': False, 'error': None, 'executedCount': 1, 'wsState': 1} eval_ms=3 ram=8.1/31.2GB (26%) swap=0.4/32.0GB (1%) cpu=6% browser_rss=0.98GB
  [ComfyUI] [comfy-env] Hunyuan3DPreviewBoundingBoxes done (0.92s): result: NodeOutput
  [ComfyUI] [VRAM] After Hunyuan3DPreviewBoundingBoxes: 2442 / 24124 MB
  [ComfyUI] [VRAM] Loaded: SubprocessModel (215 MB), SubprocessModel (209 MB)
  [ComfyUI] [comfy-env] Running GeomPackPreviewMeshVTK: mode: 'fields', trimesh: Trimesh
  [ComfyUI] [VRAM] Before GeomPackPreviewMeshVTK: 2442 / 24124 MB
  [ComfyUI] [VRAM] Loaded: SubprocessModel (215 MB), SubprocessModel (209 MB)
  [ComfyUI] [SubprocessWorker] call_method: nodes.main.visualization.preview_mesh_vtk.PreviewMeshVTKNode.EXECUTE_NORMALIZED
  [ComfyUI] [SubprocessWorker] acquired lock, ensuring started...
  [ComfyUI] [ComfyUI-GeometryPack] Health check: ping (timeout=5.0s)...
  [ComfyUI] [ComfyUI-GeometryPack] Health check: ok
  [ComfyUI] [SubprocessWorker] worker started/confirmed
  [ComfyUI] [SubprocessWorker] serializing kwargs to shm...
  Node executed (2 total), capturing...
  [ComfyUI] [SubprocessWorker] created 1 shm blocks
  [ComfyUI] [SubprocessWorker] sending request via socket...
  [ComfyUI] [SubprocessWorker] call_id=6 sending call_method
  Frame 12 saved (frame_011.jpg, t=49.6s)
  [capture-node] freeze=4ms shot=247ms unfreeze=3ms saved=True
  [ComfyUI] [worker:ComfyUI-GeometryPack] INFO: Preparing preview: Mesh - 4719 vertices, 9438 faces
  [ComfyUI] [worker:ComfyUI-GeometryPack] INFO: Mode: fields
  [ComfyUI] [worker:ComfyUI-GeometryPack] INFO: Visual data - has_visual: True, kind: None, texture: False, vertex_colors: False
  [ComfyUI] [worker:ComfyUI-GeometryPack] INFO: Using fields mode - VTP export
  [ComfyUI] [worker:ComfyUI-GeometryPack] INFO: Exporting mesh to VTP: /workspaces/Hunyuan3D-Part-1836/ComfyUI/output/preview_vtk_ea67d89a.vtp
  [ComfyUI] [worker:ComfyUI-GeometryPack] INFO: Adding normals field (4719 vertices)
  [ComfyUI] [worker:ComfyUI-GeometryPack] INFO: Adding scalar field: features_pca4_debug (components: 4)
  [ComfyUI] [worker:ComfyUI-GeometryPack] INFO: Adding face field: part_id
  [ComfyUI] [worker:ComfyUI-GeometryPack] INFO: Export complete: 4719 vertices, 9438 faces
  [ComfyUI] [worker:ComfyUI-GeometryPack] INFO: Exported VTP to: /workspaces/Hunyuan3D-Part-1836/ComfyUI/output/preview_vtk_ea67d89a.vtp
  [ComfyUI] [worker:ComfyUI-GeometryPack] INFO: Vertex attributes: ['features_pca4_debug']
  [ComfyUI] [worker:ComfyUI-GeometryPack] INFO: Face attributes: ['part_id']
  [ComfyUI] [worker:ComfyUI-GeometryPack] INFO: Fields mode info: watertight=True, volume=526.507402589034, area=388.6062594385798, fields=['features_pca4_debug', 'face.part_id']
  [ComfyUI] [SubprocessWorker] got response: ok
  [ComfyUI] [comfy-env] GeomPackPreviewMeshVTK done (1.28s): result: NodeOutput
  [ComfyUI] [VRAM] After GeomPackPreviewMeshVTK: 2442 / 24124 MB
  [ComfyUI] [VRAM] Loaded: SubprocessModel (215 MB), SubprocessModel (209 MB)
  [ComfyUI] Prompt executed in 50.04 seconds
  [ComfyUI] [comfy-env] [VRAM] Before offload 'SonataEncoder_1' (209 MB) -> cpu: 2442 / 24124 MB
  [ComfyUI] [ComfyUI-Hunyuan3D-Part] Health check: ping (timeout=5.0s)...
  [ComfyUI] [ComfyUI-Hunyuan3D-Part] Health check: ok
  [ComfyUI] [SubprocessWorker] call_id=24 sending model_to_device
  Node executed (3 total), capturing...
  [ComfyUI] [comfy-env] [VRAM] After offload 'SonataEncoder_1' (209 MB): 1162 / 24124 MB
  [ComfyUI] [comfy-env] [VRAM] Before offload 'MultiHeadSegment_2' (215 MB) -> cpu: 1162 / 24124 MB
  [ComfyUI] [ComfyUI-Hunyuan3D-Part] python: /workspaces/Hunyuan3D-Part-1836/ComfyUI/.ce/.pixi/envs/hunyuan3dpart-nodes/bin/python
  [ComfyUI] [ComfyUI-Hunyuan3D-Part] Health check: ping (timeout=5.0s)...
  [ComfyUI] [ComfyUI-Hunyuan3D-Part] sys_path sent to worker: ['/workspaces/Hunyuan3D-Part-1836/ComfyUI', '/workspaces/Hunyuan3D-Part-1836/ComfyUI/custom_nodes/ComfyUI-Hunyuan3D-Part', '/workspaces/Hunyuan3D-Part-1836/ComfyUI/.ce/.pixi/envs/hunyuan3dpart-nodes/lib/python3.1/site-packages', '/workspaces/Hunyuan3D-Part-1836/ComfyUI/custom_nodes/ComfyUI-Hunyuan3D-Part']
  [ComfyUI] [ComfyUI-Hunyuan3D-Part] Health check: failed
  [ComfyUI] [SubprocessWorker] is_pixi=True, python=/workspaces/Hunyuan3D-Part-1836/ComfyUI/.ce/.pixi/envs/hunyuan3dpart-nodes/bin/python
  [ComfyUI] [ComfyUI-Hunyuan3D-Part] Socket unhealthy, restarting worker...
  [ComfyUI] [SubprocessWorker] launching cmd=['/root/.pixi/bin/pixi', 'run', '--as-is', '--manifest-path', '/workspaces/Hunyuan3D-Part-1836/ComfyUI/.ce/pixi.toml', '-e', 'hunyuan3dpart-nodes', 'python', '/tmp/comfyui_pvenv_1fy0x40v/persistent_worker.py', 'abstract://comfy_worker_cff88c23e4ff']...
  [ComfyUI] [comfy-env] Invalidated 2 stale model patchers (will be cleaned up during next unload)
  [ComfyUI] [SubprocessWorker] socket_addr=abstract://comfy_worker_cff88c23e4ff (abstract, no filesystem path)
  Frame 13 saved (frame_012.jpg, t=50.6s)
  [capture-node] freeze=9ms shot=553ms unfreeze=0ms saved=True
  Execution complete (t=50.6s)
  [3d-wait] Phase 1: Waiting for 'Loading 3D Model' text to disappear...
  [3d-wait] Phase 1 done in 0.0s
  [3d-wait] Phase 2: iframes=3
  [3d-wait] iframe viewer_ready=True (matched 2 console logs)
  [3d-wait] Unfrozen in 0.003s, rendering for 5s...
  [ComfyUI] [worker:ComfyUI-Hunyuan3D-Part] WARNING: WARNING: You need pytorch with cu130 or higher to use optimized CUDA operations.
  [ComfyUI] [SubprocessWorker] call_id=25 sending model_to_device
  [ComfyUI] Model 'MultiHeadSegment_2' gone from worker (restarted?), treating as offloaded
  [ComfyUI] [comfy-env] [VRAM] After offload 'MultiHeadSegment_2' (215 MB): 824 / 24124 MB
  [3d-wait] JS halted via CDP after 5.0s
  [3d-wait] Re-frozen in 6.0s
  [3d-wait] Total 3D wait: 6.1s
  Captured 13 unique frames over 57.34s
  [debug] iframes: 3
  [debug]   iframe[0]: src=http://127.0.0.1:41897/extensions/ComfyUI-GeometryPack/viewer_vtk.html?v=1778179, canvas=486x310, rafFrozen=True
  [debug]   iframe[1]: src=http://127.0.0.1:41897/extensions/ComfyUI-Hunyuan3D-Part/viewer_vtk.html?v=17781, canvas=486x419, rafFrozen=True
  [debug]   iframe[2]: src=http://127.0.0.1:41897/extensions/ComfyUI-GeometryPack/viewer_vtk.html?v=1778179, canvas=486x310, rafFrozen=True
  [timing] trigger_3d_previews: 0.0s
  Saved high-quality screenshot: H3DPART-segment_executed.png
  [timing] final_screenshot: 0.6s
    Captured 14 video frames