[Console-error] Failed to load resource: the server responded with a status of 404 (Not Found)
[Console-error] Failed to load resource: the server responded with a status of 404 (Not Found)
[Console-warning] [ComfyUI] The legacy queue/history menu is deprecated. Core functionality in this menu may break at any time. Issues and feature requests related to the legacy menu will not be addressed. To switch to the new menu: Settings → search "Use new menu" → change from "Disabled" to "Top".
[Console-warning] [ComfyUI] The legacy queue/history menu is deprecated. Core functionality in this menu may break at any time. Issues and feature requests related to the legacy menu will not be addressed. To switch to the new menu: Settings → search "Use new menu" → change from "Disabled" to "Top".
[Console-error] ComfyApp graph accessed before initialization
[Console-error] Failed to load resource: the server responded with a status of 404 (Not Found)
[Console-error] Failed to load resource: the server responded with a status of 404 (Not Found)
[Console-warning] WARNING: Multiple instances of Three.js being imported.
[Console-log] [VTK Bundle] GLTFImporter included in bundle
[Console-log] [FBX Preview] Auto-registering for all known FBX preview node types...
[Console-log] [UniRig] Loading FBX mesh preview extension...
[Console-log] [UniRig] Detected extension folder: ComfyUI-GeometryPack
[Console-log] [UniRig] FBX mesh preview extension registered
[Console-log] [SAM3DBody] Loading FBX mesh preview extension...
[Console-log] [SAM3DBody] Detected extension folder: ComfyUI-GeometryPack
[Console-log] [SAM3DBody] FBX mesh preview extension registered
[Console-log] [MotionCapture] Loading FBX mesh preview extension...
[Console-log] [MotionCapture] Detected extension folder: ComfyUI-GeometryPack
[Console-log] [MotionCapture] FBX mesh preview extension registered
[Console-log] [MotionCapture] Loading FBX mesh preview extension...
[Console-log] [MotionCapture] Detected extension folder: ComfyUI-GeometryPack
[Console-log] [MotionCapture] FBX mesh preview extension registered
[Console-log] [UniRig Compare] Loading compare skeleton widget...
[Console-log] [UniRig Compare] Detected extension folder: ComfyUI-GeometryPack
[Console-log] [UniRig Compare] Compare skeleton widget registered
[Console-log] [FBXAnimationViewer] Loading FBX Animation Viewer extension
[Console-log] [FBXAnimationViewer] Loading FBX Animation Viewer extension...
[Console-log] [FBXAnimationViewer] Extension registered: comfy3d.fbxanimationviewer
[Console-log] [CompareSMPLBVH] Loading Compare SMPL BVH extension
[Console-log] [CompareSMPLBVH] Loading Compare SMPL BVH extension...
[Console-log] [CompareSMPLBVH] Extension registered: comfy3d.comparesmplbvh
[Console-log] [GeomPack] Loading UV mesh preview extension...
[Console-log] [GeomPack] UV mesh preview extension registered
[Console-log] [GeomPack Gaussian] Loading extension...
[Console-log] [GeomPack Multi JS] Loading mesh_preview_multi.js extension
[Console-log] [UniRig Debug] Loading FBX mesh preview extension...
[Console-log] [UniRig Debug] Detected extension folder: ComfyUI-GeometryPack
[Console-log] [UniRig Debug] FBX mesh preview extension registered
[Console-log] [GeomPack] Loading VTK.js textured mesh preview extension...
[Console-log] [GeomPack] VTK.js textured mesh preview extension registered
[Console-log] [BVHViewer] Loading BVH Viewer extension
[Console-log] [BVHViewer] Loading BVH viewer extension...
[Console-log] [BVHViewer] Extension registered: comfy3d.bvhviewer
[Console-log] [GeomPack] Loading mesh preview extension...
[Console-log] [GeomPack] Mesh preview extension registered
[Console-log] [Hunyuan3D] Loading bounding box preview extension...
[Console-log] [Hunyuan3D] Bounding box preview extension registered
[Console-log] [Hunyuan3D] Loading exploded viewer extension...
[Console-log] [Hunyuan3D] Exploded viewer extension registered
[Console-warning] [MaskEditor] ComfyApp.open_maskeditor is deprecated. Plugins should migrate to using the command system or direct node context menu integration.
[Console-log] [GeomPack] Registering Preview Mesh node
[Console-log] [GeomPack] Registering Preview Mesh UV node
[Console-log] [GeomPack Gaussian] Registering Preview Gaussian node
[Console-log] [Hunyuan3D] Registering Exploded Mesh Viewer node
[Console-log] [Hunyuan3D] Registering Preview Bounding Boxes node
[Console-log] [Hunyuan3D] Exploded viewer node created, adding widget
[Console-log] [VTK Bundle] GLTFImporter included in bundle
[Console-log] [VTK Bundle] GLTFImporter included in bundle
[Console-error] Failed to load resource: the server responded with a status of 403 (Forbidden)
[Console-error] Error loading model: HttpError: fetch for "http://127.0.0.1:41897/api/view?type=output&subfolder=%2Fhome%2Fshadeform%2Fhpart%2FComfyUI%2Foutput&filename=xpart_exploded_42.glb" responded with 403: Forbidden
    at http://127.0.0.1:41897/assets/vendor-three-Br-dHl2j.js:3824:116006
[Console-warning] [.WebGL-0x2bc40ac55200]GL Driver Message (OpenGL, Performance, GL_CLOSE_PATH_NV, High): GPU stall due to ReadPixels
[Console-log] [GeomPack VTK Viewer] Initializing unified viewer...
[Console-warning] Canvas2D: Multiple readback operations using getImageData are faster with the willReadFrequently attribute set to true. See: https://html.spec.whatwg.org/multipage/canvas.html#concept-canvas-will-read-frequently
[Console-log] [GeomPack VTK Viewer] Ready (unified)
[Console-error] Failed to load resource: the server responded with a status of 403 (Forbidden)
[Console-error] Error loading model: HttpError: fetch for "http://127.0.0.1:41897/api/view?type=output&subfolder=%2Fhome%2Fshadeform%2Fhpart%2FComfyUI%2Foutput&filename=xpart_exploded_42.glb" responded with 403: Forbidden
    at http://127.0.0.1:41897/assets/vendor-three-Br-dHl2j.js:3824:116006
[Console-log] [GeomPack VTK Viewer] Initializing unified viewer...
[Console-warning] Canvas2D: Multiple readback operations using getImageData are faster with the willReadFrequently attribute set to true. See: https://html.spec.whatwg.org/multipage/canvas.html#concept-canvas-will-read-frequently
[Console-log] [GeomPack VTK Viewer] Ready (unified)
[Console-error] No input!
[Console-error] No input!
[Console-warning] [.WebGL-0x2bc40ac55200]GL Driver Message (OpenGL, Performance, GL_CLOSE_PATH_NV, High): GPU stall due to ReadPixels
[Console-warning] [.WebGL-0x2bc40ac5ac00]GL Driver Message (OpenGL, Performance, GL_CLOSE_PATH_NV, High): GPU stall due to ReadPixels
[Console-warning] [.WebGL-0x2bc40ac59a00]GL Driver Message (OpenGL, Performance, GL_CLOSE_PATH_NV, High): GPU stall due to ReadPixels (this message will no longer repeat)
[Console-log] [Hunyuan3D Viewer] Initializing exploded viewer...
[Console-log] [Hunyuan3D Viewer] Ready
[Console-log] [comfy-test] graphToPrompt: 12 nodes, missing class_type: [], sample: {"inputs":{"precision":"auto","attn_backend":"auto"},"class_type":"LoadP3SAMSegmentor","_meta":{"title":"(Down)Load P3-SAM Segmentor"}}
[Console-error] No input!
[Console-log] [VTK Bundle] GLTFImporter included in bundle
[Console-log] [GeomPack VTK Viewer] Initializing unified viewer...
[Console-warning] Canvas2D: Multiple readback operations using getImageData are faster with the willReadFrequently attribute set to true. See: https://html.spec.whatwg.org/multipage/canvas.html#concept-canvas-will-read-frequently
[Console-log] [GeomPack VTK Viewer] Ready (unified)
[Console-error] No input!
[Console-log] [GeomPack VTK Viewer] Loading: /view?filename=preview_vtk_a45921a2.vtp&type=output&subfolder=
[Console-log] [GeomPack VTK Viewer] Mesh loaded: 4719 points
[Console-log] [GeomPack VTK Viewer] Loaded successfully
[Console-error] No input!
[Console-log] [VTK Bundle] GLTFImporter included in bundle
[Console-log] [GeomPack VTK Viewer] Initializing unified viewer...
[Console-warning] Canvas2D: Multiple readback operations using getImageData are faster with the willReadFrequently attribute set to true. See: https://html.spec.whatwg.org/multipage/canvas.html#concept-canvas-will-read-frequently
[Console-log] [GeomPack VTK Viewer] Ready (unified)
[Console-error] No input!
[Console-log] [GeomPack VTK Viewer] Loading: /view?filename=preview_vtk_2c877e5f.vtp&type=output&subfolder=
[Console-log] [FieldVisualization] Applied field "part_id" with range [-1.000, 3.000]
[Console-log] [GeomPack VTK Viewer] Mesh loaded: 4719 points
[Console-log] [GeomPack VTK Viewer] Loaded successfully
[Console-log] [Hunyuan3D] onExecuted called with message: {scene_file: Array(1), num_parts: Array(1), global_center: Array(1), part_centers: Array(1), vertex_count: Array(1)}
[Console-log] [Hunyuan3D] Loading scene: exploded_view_c5e6d34c.glb (4 parts)
[Console-log] [Hunyuan3D] Sending postMessage to iframe: /view?filename=exploded_view_c5e6d34c.glb&type=output&subfolder=
[Console-log] [Hunyuan3D Viewer] Received message: {type: LOAD_EXPLODED_SCENE, filepath: /view?filename=exploded_view_c5e6d34c.glb&type=output&subfolder=, numParts: 4, globalCenter: Array(3), maxExtent: 17.524635870919774}
[Console-log] [Hunyuan3D Viewer] Loading scene: /view?filename=exploded_view_c5e6d34c.glb&type=output&subfolder=
[Console-log] [Hunyuan3D Viewer] Metadata: {numParts: 4, globalCenter: Array(3), maxExtent: 17.524635870919774}
[Console-log] [Hunyuan3D Viewer] Scene loaded successfully
[Console-log] [Hunyuan3D Viewer] Found 4 mesh parts
[Console-log] [Hunyuan3D Viewer] Global center: Vector3
[Console-log] [Hunyuan3D Viewer] Scene setup complete